<?xml version="1.0" encoding="UTF-8"?>
<coverage generated="1789159980648" clover="3.2.0">
  <project timestamp="1789159980648" name="All files">
    <metrics statements="554" coveredstatements="410" conditionals="343" coveredconditionals="202" methods="142" coveredmethods="106" elements="1039" coveredelements="718" complexity="0" loc="554" ncloc="554" packages="1" files="9" classes="9"/>
    <file name="account.ts" path="/Users/anthonyrocha/Desktop/psych-schedule/src/lib/account.ts">
      <metrics statements="51" coveredstatements="51" conditionals="6" coveredconditionals="5" methods="16" coveredmethods="16"/>
      <line num="18" count="2" type="stmt"/>
      <line num="32" count="2" type="stmt"/>
      <line num="35" count="241" type="stmt"/>
      <line num="36" count="6602" type="stmt"/>
      <line num="37" count="241" type="stmt"/>
      <line num="41" count="49" type="stmt"/>
      <line num="42" count="49" type="stmt"/>
      <line num="43" count="1419" type="stmt"/>
      <line num="44" count="49" type="stmt"/>
      <line num="48" count="516" type="stmt"/>
      <line num="49" count="516" type="stmt"/>
      <line num="50" count="516" type="stmt"/>
      <line num="62" count="361" type="stmt"/>
      <line num="63" count="361" type="stmt"/>
      <line num="64" count="361" type="stmt"/>
      <line num="65" count="14440" type="stmt"/>
      <line num="67" count="361" type="cond" truecount="1" falsecount="1"/>
      <line num="72" count="40" type="stmt"/>
      <line num="76" count="80" type="stmt"/>
      <line num="83" count="80" type="stmt"/>
      <line num="93" count="32" type="stmt"/>
      <line num="103" count="69" type="stmt"/>
      <line num="104" count="69" type="stmt"/>
      <line num="105" count="69" type="stmt"/>
      <line num="106" count="69" type="stmt"/>
      <line num="110" count="69" type="stmt"/>
      <line num="123" count="11" type="stmt"/>
      <line num="124" count="11" type="stmt"/>
      <line num="125" count="11" type="stmt"/>
      <line num="135" count="4" type="stmt"/>
      <line num="147" count="32" type="stmt"/>
      <line num="148" count="32" type="stmt"/>
      <line num="150" count="32" type="stmt"/>
      <line num="151" count="32" type="stmt"/>
      <line num="153" count="32" type="stmt"/>
      <line num="173" count="5" type="stmt"/>
      <line num="181" count="6" type="stmt"/>
      <line num="198" count="3" type="stmt"/>
      <line num="199" count="3" type="stmt"/>
      <line num="212" count="2" type="stmt"/>
      <line num="213" count="2" type="stmt"/>
      <line num="214" count="2" type="stmt"/>
      <line num="229" count="17" type="stmt"/>
      <line num="230" count="17" type="stmt"/>
      <line num="235" count="17" type="stmt"/>
      <line num="240" count="10" type="stmt"/>
      <line num="241" count="10" type="stmt"/>
      <line num="242" count="10" type="cond" truecount="4" falsecount="0"/>
      <line num="243" count="8" type="stmt"/>
      <line num="248" count="5" type="stmt"/>
      <line num="250" count="3" type="stmt"/>
    </file>
    <file name="auth.ts" path="/Users/anthonyrocha/Desktop/psych-schedule/src/lib/auth.ts">
      <metrics statements="73" coveredstatements="0" conditionals="50" coveredconditionals="0" methods="14" coveredmethods="0"/>
      <line num="35" count="0" type="stmt"/>
      <line num="38" count="0" type="stmt"/>
      <line num="48" count="0" type="stmt"/>
      <line num="60" count="0" type="stmt"/>
      <line num="73" count="0" type="stmt"/>
      <line num="74" count="0" type="stmt"/>
      <line num="75" count="0" type="stmt"/>
      <line num="76" count="0" type="cond" truecount="0" falsecount="2"/>
      <line num="77" count="0" type="stmt"/>
      <line num="79" count="0" type="cond" truecount="0" falsecount="4"/>
      <line num="81" count="0" type="stmt"/>
      <line num="83" count="0" type="stmt"/>
      <line num="85" count="0" type="stmt"/>
      <line num="87" count="0" type="stmt"/>
      <line num="93" count="0" type="cond" truecount="0" falsecount="2"/>
      <line num="99" count="0" type="stmt"/>
      <line num="100" count="0" type="cond" truecount="0" falsecount="2"/>
      <line num="101" count="0" type="stmt"/>
      <line num="102" count="0" type="stmt"/>
      <line num="106" count="0" type="stmt"/>
      <line num="107" count="0" type="cond" truecount="0" falsecount="2"/>
      <line num="109" count="0" type="stmt"/>
      <line num="110" count="0" type="cond" truecount="0" falsecount="4"/>
      <line num="111" count="0" type="cond" truecount="0" falsecount="2"/>
      <line num="114" count="0" type="stmt"/>
      <line num="115" count="0" type="stmt"/>
      <line num="122" count="0" type="cond" truecount="0" falsecount="2"/>
      <line num="124" count="0" type="stmt"/>
      <line num="127" count="0" type="cond" truecount="0" falsecount="2"/>
      <line num="129" count="0" type="stmt"/>
      <line num="130" count="0" type="stmt"/>
      <line num="138" count="0" type="stmt"/>
      <line num="139" count="0" type="cond" truecount="0" falsecount="2"/>
      <line num="140" count="0" type="stmt"/>
      <line num="141" count="0" type="cond" truecount="0" falsecount="2"/>
      <line num="143" count="0" type="stmt"/>
      <line num="144" count="0" type="stmt"/>
      <line num="147" count="0" type="cond" truecount="0" falsecount="2"/>
      <line num="149" count="0" type="stmt"/>
      <line num="150" count="0" type="stmt"/>
      <line num="158" count="0" type="stmt"/>
      <line num="159" count="0" type="cond" truecount="0" falsecount="2"/>
      <line num="160" count="0" type="stmt"/>
      <line num="161" count="0" type="cond" truecount="0" falsecount="2"/>
      <line num="163" count="0" type="stmt"/>
      <line num="168" count="0" type="cond" truecount="0" falsecount="2"/>
      <line num="170" count="0" type="stmt"/>
      <line num="171" count="0" type="stmt"/>
      <line num="172" count="0" type="cond" truecount="0" falsecount="2"/>
      <line num="174" count="0" type="stmt"/>
      <line num="175" count="0" type="stmt"/>
      <line num="179" count="0" type="stmt"/>
      <line num="180" count="0" type="stmt"/>
      <line num="185" count="0" type="stmt"/>
      <line num="186" count="0" type="cond" truecount="0" falsecount="2"/>
      <line num="187" count="0" type="stmt"/>
      <line num="188" count="0" type="stmt"/>
      <line num="192" count="0" type="stmt"/>
      <line num="193" count="0" type="stmt"/>
      <line num="194" count="0" type="cond" truecount="0" falsecount="2"/>
      <line num="203" count="0" type="stmt"/>
      <line num="204" count="0" type="cond" truecount="0" falsecount="4"/>
      <line num="205" count="0" type="stmt"/>
      <line num="206" count="0" type="cond" truecount="0" falsecount="2"/>
      <line num="210" count="0" type="stmt"/>
      <line num="211" count="0" type="stmt"/>
      <line num="212" count="0" type="cond" truecount="0" falsecount="2"/>
      <line num="217" count="0" type="stmt"/>
      <line num="218" count="0" type="stmt"/>
      <line num="220" count="0" type="cond" truecount="0" falsecount="2"/>
      <line num="221" count="0" type="stmt"/>
      <line num="224" count="0" type="stmt"/>
      <line num="225" count="0" type="stmt"/>
    </file>
    <file name="evolution.ts" path="/Users/anthonyrocha/Desktop/psych-schedule/src/lib/evolution.ts">
      <metrics statements="1" coveredstatements="1" conditionals="0" coveredconditionals="0" methods="0" coveredmethods="0"/>
      <line num="9" count="6" type="stmt"/>
    </file>
    <file name="history.ts" path="/Users/anthonyrocha/Desktop/psych-schedule/src/lib/history.ts">
      <metrics statements="29" coveredstatements="29" conditionals="20" coveredconditionals="20" methods="8" coveredmethods="8"/>
      <line num="25" count="7" type="stmt"/>
      <line num="26" count="7" type="stmt"/>
      <line num="27" count="15" type="stmt"/>
      <line num="28" count="21" type="stmt"/>
      <line num="29" count="21" type="cond" truecount="4" falsecount="0"/>
      <line num="30" count="20" type="stmt"/>
      <line num="40" count="7" type="stmt"/>
      <line num="45" count="2" type="stmt"/>
      <line num="46" count="2" type="stmt"/>
      <line num="47" count="4" type="stmt"/>
      <line num="48" count="4" type="cond" truecount="2" falsecount="0"/>
      <line num="49" count="3" type="stmt"/>
      <line num="51" count="2" type="stmt"/>
      <line num="52" count="4" type="stmt"/>
      <line num="53" count="3" type="stmt"/>
      <line num="55" count="1" type="stmt"/>
      <line num="60" count="4" type="stmt"/>
      <line num="61" count="4" type="stmt"/>
      <line num="62" count="4" type="stmt"/>
      <line num="63" count="4" type="stmt"/>
      <line num="65" count="4" type="stmt"/>
      <line num="66" count="12" type="cond" truecount="2" falsecount="0"/>
      <line num="67" count="12" type="stmt"/>
      <line num="68" count="12" type="cond" truecount="4" falsecount="0"/>
      <line num="69" count="12" type="cond" truecount="4" falsecount="0"/>
      <line num="72" count="4" type="stmt"/>
      <line num="73" count="9" type="stmt"/>
      <line num="74" count="12" type="cond" truecount="2" falsecount="0"/>
      <line num="76" count="4" type="stmt"/>
    </file>
    <file name="patients.ts" path="/Users/anthonyrocha/Desktop/psych-schedule/src/lib/patients.ts">
      <metrics statements="1" coveredstatements="1" conditionals="0" coveredconditionals="0" methods="0" coveredmethods="0"/>
      <line num="8" count="6" type="stmt"/>
    </file>
    <file name="schedule.ts" path="/Users/anthonyrocha/Desktop/psych-schedule/src/lib/schedule.ts">
      <metrics statements="60" coveredstatements="53" conditionals="19" coveredconditionals="15" methods="24" coveredmethods="18"/>
      <line num="5" count="6" type="stmt"/>
      <line num="6" count="6" type="stmt"/>
      <line num="8" count="6" type="stmt"/>
      <line num="10" count="96" type="stmt"/>
      <line num="15" count="6" type="stmt"/>
      <line num="16" count="6" type="stmt"/>
      <line num="20" count="5" type="stmt"/>
      <line num="21" count="25" type="stmt"/>
      <line num="26" count="79" type="stmt"/>
      <line num="31" count="37" type="stmt"/>
      <line num="32" count="37" type="cond" truecount="2" falsecount="0"/>
      <line num="62" count="6" type="stmt"/>
      <line num="66" count="6" type="stmt"/>
      <line num="67" count="6" type="stmt"/>
      <line num="68" count="6" type="stmt"/>
      <line num="69" count="6" type="stmt"/>
      <line num="70" count="6" type="stmt"/>
      <line num="71" count="6" type="stmt"/>
      <line num="73" count="54" type="stmt"/>
      <line num="74" count="8" type="stmt"/>
      <line num="75" count="6" type="stmt"/>
      <line num="76" count="3" type="stmt"/>
      <line num="80" count="11" type="stmt"/>
      <line num="84" count="5" type="stmt"/>
      <line num="85" count="5" type="cond" truecount="2" falsecount="0"/>
      <line num="94" count="26" type="cond" truecount="2" falsecount="0"/>
      <line num="101" count="11" type="stmt"/>
      <line num="102" count="11" type="stmt"/>
      <line num="103" count="11" type="stmt"/>
      <line num="104" count="11" type="cond" truecount="2" falsecount="0"/>
      <line num="105" count="11" type="stmt"/>
      <line num="106" count="11" type="stmt"/>
      <line num="111" count="49" type="stmt"/>
      <line num="112" count="49" type="stmt"/>
      <line num="113" count="49" type="stmt"/>
      <line num="114" count="49" type="stmt"/>
      <line num="119" count="34" type="stmt"/>
      <line num="120" count="34" type="cond" truecount="2" falsecount="2"/>
      <line num="125" count="211" type="stmt"/>
      <line num="126" count="211" type="stmt"/>
      <line num="127" count="211" type="stmt"/>
      <line num="132" count="2" type="stmt"/>
      <line num="139" count="6" type="stmt"/>
      <line num="147" count="0" type="stmt"/>
      <line num="152" count="0" type="stmt"/>
      <line num="161" count="0" type="stmt"/>
      <line num="169" count="113" type="stmt"/>
      <line num="174" count="0" type="stmt"/>
      <line num="175" count="0" type="cond" truecount="0" falsecount="2"/>
      <line num="180" count="0" type="stmt"/>
      <line num="187" count="0" type="stmt"/>
      <line num="204" count="4" type="stmt"/>
      <line num="205" count="4" type="stmt"/>
      <line num="207" count="4" type="stmt"/>
      <line num="208" count="4" type="stmt"/>
      <line num="210" count="4" type="stmt"/>
      <line num="211" count="4" type="stmt"/>
      <line num="212" count="168" type="stmt"/>
      <line num="213" count="168" type="stmt"/>
      <line num="219" count="4" type="stmt"/>
    </file>
    <file name="storage.ts" path="/Users/anthonyrocha/Desktop/psych-schedule/src/lib/storage.ts">
      <metrics statements="245" coveredstatements="199" conditionals="191" coveredconditionals="128" methods="50" coveredmethods="40"/>
      <line num="37" count="6" type="stmt"/>
      <line num="47" count="6" type="stmt"/>
      <line num="62" count="6" type="stmt"/>
      <line num="65" count="6" type="stmt"/>
      <line num="74" count="0" type="stmt"/>
      <line num="78" count="0" type="cond" truecount="0" falsecount="2"/>
      <line num="82" count="0" type="cond" truecount="0" falsecount="2"/>
      <line num="91" count="0" type="stmt"/>
      <line num="100" count="0" type="stmt"/>
      <line num="104" count="93" type="stmt"/>
      <line num="105" count="93" type="stmt"/>
      <line num="110" count="2" type="stmt"/>
      <line num="114" count="2" type="stmt"/>
      <line num="117" count="6" type="stmt"/>
      <line num="120" count="104" type="cond" truecount="2" falsecount="0"/>
      <line num="121" count="15" type="stmt"/>
      <line num="122" count="15" type="stmt"/>
      <line num="126" count="1" type="cond" truecount="1" falsecount="1"/>
      <line num="127" count="1" type="cond" truecount="1" falsecount="1"/>
      <line num="128" count="1" type="stmt"/>
      <line num="129" count="0" type="stmt"/>
      <line num="130" count="0" type="stmt"/>
      <line num="137" count="6" type="cond" truecount="1" falsecount="1"/>
      <line num="138" count="6" type="stmt"/>
      <line num="139" count="0" type="cond" truecount="0" falsecount="2"/>
      <line num="141" count="6" type="stmt"/>
      <line num="142" count="6" type="stmt"/>
      <line num="143" count="0" type="cond" truecount="0" falsecount="2"/>
      <line num="148" count="3" type="stmt"/>
      <line num="153" count="7" type="stmt"/>
      <line num="162" count="7" type="stmt"/>
      <line num="163" count="17" type="cond" truecount="4" falsecount="0"/>
      <line num="164" count="9" type="cond" truecount="1" falsecount="1"/>
      <line num="165" count="9" type="stmt"/>
      <line num="166" count="9" type="stmt"/>
      <line num="176" count="7" type="stmt"/>
      <line num="177" count="7" type="stmt"/>
      <line num="178" count="7" type="stmt"/>
      <line num="179" count="7" type="stmt"/>
      <line num="180" count="7" type="stmt"/>
      <line num="181" count="7" type="stmt"/>
      <line num="186" count="5" type="stmt"/>
      <line num="187" count="5" type="cond" truecount="2" falsecount="0"/>
      <line num="188" count="4" type="stmt"/>
      <line num="189" count="4" type="stmt"/>
      <line num="190" count="4" type="stmt"/>
      <line num="191" count="4" type="cond" truecount="2" falsecount="0"/>
      <line num="192" count="3" type="stmt"/>
      <line num="197" count="3" type="stmt"/>
      <line num="206" count="97" type="cond" truecount="2" falsecount="0"/>
      <line num="207" count="1" type="stmt"/>
      <line num="208" count="1" type="stmt"/>
      <line num="210" count="97" type="stmt"/>
      <line num="214" count="97" type="stmt"/>
      <line num="215" count="97" type="stmt"/>
      <line num="220" count="2" type="cond" truecount="1" falsecount="1"/>
      <line num="221" count="2" type="stmt"/>
      <line num="222" count="2" type="stmt"/>
      <line num="223" count="3" type="stmt"/>
      <line num="224" count="2" type="stmt"/>
      <line num="225" count="2" type="stmt"/>
      <line num="226" count="2" type="stmt"/>
      <line num="227" count="2" type="stmt"/>
      <line num="228" count="2" type="stmt"/>
      <line num="235" count="41" type="stmt"/>
      <line num="236" count="41" type="stmt"/>
      <line num="238" count="0" type="stmt"/>
      <line num="242" count="126" type="stmt"/>
      <line num="243" count="126" type="stmt"/>
      <line num="245" count="0" type="stmt"/>
      <line num="250" count="80" type="stmt"/>
      <line num="251" count="80" type="stmt"/>
      <line num="258" count="85" type="cond" truecount="2" falsecount="0"/>
      <line num="259" count="51" type="stmt"/>
      <line num="260" count="51" type="stmt"/>
      <line num="261" count="51" type="cond" truecount="5" falsecount="0"/>
      <line num="262" count="48" type="stmt"/>
      <line num="267" count="3" type="stmt"/>
      <line num="272" count="2" type="stmt"/>
      <line num="273" count="2" type="stmt"/>
      <line num="274" count="5" type="stmt"/>
      <line num="276" count="2" type="stmt"/>
      <line num="284" count="8" type="stmt"/>
      <line num="285" count="8" type="stmt"/>
      <line num="286" count="8" type="cond" truecount="1" falsecount="1"/>
      <line num="288" count="8" type="stmt"/>
      <line num="290" count="8" type="stmt"/>
      <line num="291" count="8" type="cond" truecount="3" falsecount="1"/>
      <line num="293" count="3" type="stmt"/>
      <line num="294" count="3" type="cond" truecount="3" falsecount="1"/>
      <line num="296" count="2" type="stmt"/>
      <line num="305" count="20" type="cond" truecount="1" falsecount="3"/>
      <line num="306" count="20" type="cond" truecount="3" falsecount="1"/>
      <line num="308" count="17" type="stmt"/>
      <line num="309" count="17" type="cond" truecount="2" falsecount="0"/>
      <line num="311" count="8" type="stmt"/>
      <line num="312" count="8" type="cond" truecount="2" falsecount="0"/>
      <line num="313" count="6" type="stmt"/>
      <line num="314" count="6" type="stmt"/>
      <line num="316" count="2" type="stmt"/>
      <line num="322" count="38" type="cond" truecount="1" falsecount="1"/>
      <line num="323" count="0" type="stmt"/>
      <line num="324" count="0" type="stmt"/>
      <line num="325" count="0" type="stmt"/>
      <line num="327" count="38" type="cond" truecount="2" falsecount="0"/>
      <line num="328" count="1" type="stmt"/>
      <line num="329" count="1" type="stmt"/>
      <line num="330" count="1" type="stmt"/>
      <line num="332" count="37" type="stmt"/>
      <line num="336" count="0" type="stmt"/>
      <line num="337" count="0" type="cond" truecount="0" falsecount="4"/>
      <line num="338" count="0" type="cond" truecount="0" falsecount="4"/>
      <line num="339" count="0" type="stmt"/>
      <line num="341" count="0" type="stmt"/>
      <line num="345" count="0" type="stmt"/>
      <line num="353" count="17" type="cond" truecount="1" falsecount="1"/>
      <line num="354" count="17" type="cond" truecount="1" falsecount="1"/>
      <line num="356" count="17" type="stmt"/>
      <line num="357" count="17" type="cond" truecount="2" falsecount="0"/>
      <line num="359" count="10" type="stmt"/>
      <line num="360" count="10" type="cond" truecount="2" falsecount="0"/>
      <line num="361" count="1" type="stmt"/>
      <line num="362" count="1" type="stmt"/>
      <line num="363" count="2" type="stmt"/>
      <line num="364" count="2" type="cond" truecount="3" falsecount="1"/>
      <line num="366" count="1" type="stmt"/>
      <line num="367" count="1" type="stmt"/>
      <line num="369" count="9" type="stmt"/>
      <line num="373" count="11" type="cond" truecount="1" falsecount="1"/>
      <line num="374" count="0" type="stmt"/>
      <line num="375" count="0" type="stmt"/>
      <line num="376" count="0" type="stmt"/>
      <line num="378" count="11" type="cond" truecount="1" falsecount="1"/>
      <line num="379" count="0" type="stmt"/>
      <line num="380" count="0" type="stmt"/>
      <line num="381" count="0" type="stmt"/>
      <line num="383" count="11" type="stmt"/>
      <line num="391" count="0" type="cond" truecount="0" falsecount="2"/>
      <line num="395" count="18" type="cond" truecount="1" falsecount="1"/>
      <line num="396" count="18" type="cond" truecount="1" falsecount="1"/>
      <line num="398" count="18" type="stmt"/>
      <line num="399" count="18" type="cond" truecount="2" falsecount="0"/>
      <line num="400" count="10" type="stmt"/>
      <line num="401" count="10" type="stmt"/>
      <line num="402" count="10" type="cond" truecount="1" falsecount="1"/>
      <line num="406" count="0" type="stmt"/>
      <line num="410" count="10" type="cond" truecount="1" falsecount="1"/>
      <line num="411" count="0" type="stmt"/>
      <line num="412" count="0" type="stmt"/>
      <line num="413" count="0" type="stmt"/>
      <line num="414" count="0" type="stmt"/>
      <line num="415" count="0" type="stmt"/>
      <line num="417" count="10" type="cond" truecount="1" falsecount="1"/>
      <line num="418" count="0" type="stmt"/>
      <line num="419" count="0" type="stmt"/>
      <line num="420" count="0" type="stmt"/>
      <line num="422" count="10" type="stmt"/>
      <line num="426" count="17" type="cond" truecount="1" falsecount="1"/>
      <line num="427" count="17" type="cond" truecount="1" falsecount="1"/>
      <line num="429" count="17" type="stmt"/>
      <line num="430" count="17" type="cond" truecount="2" falsecount="0"/>
      <line num="431" count="7" type="stmt"/>
      <line num="432" count="7" type="stmt"/>
      <line num="433" count="7" type="cond" truecount="1" falsecount="1"/>
      <line num="437" count="0" type="stmt"/>
      <line num="441" count="7" type="cond" truecount="1" falsecount="1"/>
      <line num="442" count="0" type="stmt"/>
      <line num="443" count="0" type="stmt"/>
      <line num="444" count="0" type="stmt"/>
      <line num="445" count="0" type="stmt"/>
      <line num="446" count="0" type="stmt"/>
      <line num="448" count="7" type="cond" truecount="1" falsecount="1"/>
      <line num="449" count="0" type="stmt"/>
      <line num="450" count="0" type="stmt"/>
      <line num="451" count="0" type="stmt"/>
      <line num="453" count="7" type="stmt"/>
      <line num="465" count="14" type="cond" truecount="1" falsecount="1"/>
      <line num="466" count="14" type="cond" truecount="1" falsecount="1"/>
      <line num="467" count="14" type="stmt"/>
      <line num="472" count="17" type="stmt"/>
      <line num="474" count="17" type="stmt"/>
      <line num="475" count="37" type="cond" truecount="2" falsecount="0"/>
      <line num="476" count="17" type="stmt"/>
      <line num="477" count="17" type="cond" truecount="1" falsecount="1"/>
      <line num="478" count="17" type="stmt"/>
      <line num="479" count="17" type="cond" truecount="3" falsecount="1"/>
      <line num="482" count="17" type="stmt"/>
      <line num="483" count="3" type="stmt"/>
      <line num="484" count="3" type="stmt"/>
      <line num="485" count="3" type="stmt"/>
      <line num="486" count="3" type="cond" truecount="4" falsecount="1"/>
      <line num="487" count="3" type="stmt"/>
      <line num="488" count="3" type="cond" truecount="1" falsecount="1"/>
      <line num="489" count="3" type="cond" truecount="2" falsecount="0"/>
      <line num="490" count="3" type="cond" truecount="1" falsecount="1"/>
      <line num="494" count="17" type="stmt"/>
      <line num="495" count="37" type="cond" truecount="2" falsecount="0"/>
      <line num="496" count="2" type="stmt"/>
      <line num="497" count="2" type="cond" truecount="1" falsecount="1"/>
      <line num="498" count="2" type="stmt"/>
      <line num="499" count="2" type="cond" truecount="1" falsecount="1"/>
      <line num="500" count="35" type="cond" truecount="2" falsecount="0"/>
      <line num="503" count="13" type="stmt"/>
      <line num="504" count="13" type="cond" truecount="2" falsecount="0"/>
      <line num="505" count="1" type="stmt"/>
      <line num="506" count="1" type="cond" truecount="1" falsecount="1"/>
      <line num="510" count="17" type="stmt"/>
      <line num="521" count="3" type="cond" truecount="1" falsecount="1"/>
      <line num="522" count="3" type="stmt"/>
      <line num="532" count="2" type="stmt"/>
      <line num="533" count="2" type="stmt"/>
      <line num="534" count="2" type="stmt"/>
      <line num="535" count="2" type="stmt"/>
      <line num="537" count="2" type="stmt"/>
      <line num="545" count="6" type="cond" truecount="2" falsecount="0"/>
      <line num="546" count="1" type="stmt"/>
      <line num="547" count="1" type="stmt"/>
      <line num="548" count="1" type="cond" truecount="1" falsecount="1"/>
      <line num="552" count="0" type="stmt"/>
      <line num="568" count="3" type="stmt"/>
      <line num="588" count="7" type="stmt"/>
      <line num="589" count="7" type="cond" truecount="2" falsecount="0"/>
      <line num="590" count="5" type="cond" truecount="2" falsecount="0"/>
      <line num="591" count="4" type="cond" truecount="3" falsecount="1"/>
      <line num="592" count="4" type="stmt"/>
      <line num="609" count="5" type="stmt"/>
      <line num="610" count="5" type="stmt"/>
      <line num="611" count="5" type="stmt"/>
      <line num="612" count="10" type="cond" truecount="5" falsecount="0"/>
      <line num="613" count="9" type="stmt"/>
      <line num="614" count="9" type="stmt"/>
      <line num="615" count="9" type="stmt"/>
      <line num="618" count="5" type="stmt"/>
      <line num="619" count="5" type="stmt"/>
      <line num="620" count="5" type="cond" truecount="3" falsecount="0"/>
      <line num="621" count="5" type="cond" truecount="2" falsecount="0"/>
      <line num="622" count="2" type="stmt"/>
      <line num="625" count="5" type="stmt"/>
      <line num="626" count="5" type="stmt"/>
      <line num="627" count="5" type="cond" truecount="3" falsecount="0"/>
      <line num="628" count="5" type="cond" truecount="2" falsecount="0"/>
      <line num="629" count="2" type="stmt"/>
      <line num="632" count="5" type="cond" truecount="2" falsecount="0"/>
      <line num="633" count="4" type="stmt"/>
      <line num="636" count="5" type="stmt"/>
    </file>
    <file name="sync.ts" path="/Users/anthonyrocha/Desktop/psych-schedule/src/lib/sync.ts">
      <metrics statements="65" coveredstatements="47" conditionals="48" coveredconditionals="25" methods="22" coveredmethods="16"/>
      <line num="27" count="2" type="stmt"/>
      <line num="28" count="2" type="stmt"/>
      <line num="30" count="2" type="stmt"/>
      <line num="37" count="2" type="cond" truecount="1" falsecount="1"/>
      <line num="38" count="3" type="stmt"/>
      <line num="39" count="3" type="cond" truecount="2" falsecount="0"/>
      <line num="40" count="1" type="stmt"/>
      <line num="43" count="2" type="cond" truecount="1" falsecount="1"/>
      <line num="44" count="1" type="stmt"/>
      <line num="45" count="1" type="cond" truecount="1" falsecount="1"/>
      <line num="46" count="0" type="stmt"/>
      <line num="49" count="2" type="cond" truecount="1" falsecount="1"/>
      <line num="50" count="0" type="stmt"/>
      <line num="51" count="0" type="cond" truecount="0" falsecount="2"/>
      <line num="52" count="0" type="stmt"/>
      <line num="55" count="2" type="cond" truecount="1" falsecount="1"/>
      <line num="56" count="0" type="stmt"/>
      <line num="57" count="0" type="cond" truecount="0" falsecount="2"/>
      <line num="58" count="0" type="stmt"/>
      <line num="61" count="2" type="cond" truecount="0" falsecount="4"/>
      <line num="62" count="2" type="cond" truecount="0" falsecount="4"/>
      <line num="64" count="2" type="stmt"/>
      <line num="76" count="3" type="cond" truecount="2" falsecount="0"/>
      <line num="77" count="1" type="stmt"/>
      <line num="82" count="1" type="cond" truecount="1" falsecount="1"/>
      <line num="83" count="1" type="stmt"/>
      <line num="85" count="2" type="stmt"/>
      <line num="89" count="2" type="cond" truecount="2" falsecount="0"/>
      <line num="99" count="5" type="stmt"/>
      <line num="100" count="6" type="stmt"/>
      <line num="102" count="5" type="stmt"/>
      <line num="103" count="6" type="stmt"/>
      <line num="105" count="5" type="stmt"/>
      <line num="107" count="5" type="cond" truecount="2" falsecount="0"/>
      <line num="108" count="3" type="stmt"/>
      <line num="109" count="3" type="stmt"/>
      <line num="115" count="3" type="stmt"/>
      <line num="118" count="3" type="cond" truecount="2" falsecount="0"/>
      <line num="120" count="4" type="cond" truecount="2" falsecount="0"/>
      <line num="121" count="1" type="stmt"/>
      <line num="126" count="1" type="cond" truecount="1" falsecount="1"/>
      <line num="137" count="2" type="stmt"/>
      <line num="138" count="2" type="stmt"/>
      <line num="140" count="2" type="stmt"/>
      <line num="141" count="1" type="stmt"/>
      <line num="143" count="2" type="stmt"/>
      <line num="145" count="2" type="cond" truecount="2" falsecount="0"/>
      <line num="146" count="1" type="stmt"/>
      <line num="147" count="1" type="stmt"/>
      <line num="157" count="1" type="stmt"/>
      <line num="160" count="1" type="cond" truecount="1" falsecount="1"/>
      <line num="162" count="2" type="cond" truecount="2" falsecount="0"/>
      <line num="163" count="1" type="stmt"/>
      <line num="168" count="1" type="cond" truecount="1" falsecount="1"/>
      <line num="178" count="0" type="stmt"/>
      <line num="182" count="0" type="cond" truecount="0" falsecount="2"/>
      <line num="192" count="0" type="stmt"/>
      <line num="193" count="0" type="stmt"/>
      <line num="196" count="0" type="stmt"/>
      <line num="197" count="0" type="stmt"/>
      <line num="199" count="0" type="stmt"/>
      <line num="200" count="0" type="stmt"/>
      <line num="201" count="0" type="stmt"/>
      <line num="203" count="0" type="stmt"/>
      <line num="215" count="0" type="stmt"/>
    </file>
    <file name="vault.ts" path="/Users/anthonyrocha/Desktop/psych-schedule/src/lib/vault.ts">
      <metrics statements="29" coveredstatements="29" conditionals="9" coveredconditionals="9" methods="8" coveredmethods="8"/>
      <line num="15" count="6" type="stmt"/>
      <line num="19" count="6" type="stmt"/>
      <line num="36" count="57" type="stmt"/>
      <line num="37" count="2980" type="stmt"/>
      <line num="38" count="57" type="stmt"/>
      <line num="42" count="19" type="stmt"/>
      <line num="43" count="19" type="stmt"/>
      <line num="44" count="1164" type="stmt"/>
      <line num="45" count="19" type="stmt"/>
      <line num="49" count="30" type="stmt"/>
      <line num="50" count="30" type="stmt"/>
      <line num="51" count="30" type="stmt"/>
      <line num="55" count="17" type="stmt"/>
      <line num="62" count="17" type="stmt"/>
      <line num="76" count="19" type="stmt"/>
      <line num="77" count="19" type="stmt"/>
      <line num="78" count="19" type="stmt"/>
      <line num="83" count="19" type="stmt"/>
      <line num="96" count="7" type="stmt"/>
      <line num="97" count="7" type="stmt"/>
      <line num="102" count="5" type="stmt"/>
      <line num="104" count="2" type="stmt"/>
      <line num="109" count="11" type="cond" truecount="2" falsecount="0"/>
      <line num="110" count="8" type="stmt"/>
      <line num="111" count="8" type="stmt"/>
      <line num="112" count="8" type="cond" truecount="2" falsecount="0"/>
      <line num="119" count="5" type="stmt"/>
      <line num="124" count="3" type="stmt"/>
      <line num="128" count="5" type="stmt"/>
    </file>
  </project>
</coverage>
