{"/Users/anthonyrocha/Desktop/psych-schedule/src/lib/account.ts": {"path":"/Users/anthonyrocha/Desktop/psych-schedule/src/lib/account.ts","statementMap":{"0":{"start":{"line":18,"column":19},"end":{"line":18,"column":null}},"1":{"start":{"line":32,"column":17},"end":{"line":32,"column":null}},"2":{"start":{"line":35,"column":10},"end":{"line":35,"column":null}},"3":{"start":{"line":36,"column":2},"end":{"line":36,"column":null}},"4":{"start":{"line":36,"column":25},"end":{"line":36,"column":null}},"5":{"start":{"line":37,"column":2},"end":{"line":37,"column":null}},"6":{"start":{"line":41,"column":14},"end":{"line":41,"column":null}},"7":{"start":{"line":42,"column":14},"end":{"line":42,"column":null}},"8":{"start":{"line":43,"column":2},"end":{"line":43,"column":null}},"9":{"start":{"line":43,"column":15},"end":{"line":43,"column":18}},"10":{"start":{"line":43,"column":39},"end":{"line":43,"column":null}},"11":{"start":{"line":44,"column":2},"end":{"line":44,"column":null}},"12":{"start":{"line":48,"column":12},"end":{"line":48,"column":null}},"13":{"start":{"line":49,"column":2},"end":{"line":49,"column":null}},"14":{"start":{"line":50,"column":2},"end":{"line":50,"column":null}},"15":{"start":{"line":62,"column":16},"end":{"line":62,"column":null}},"16":{"start":{"line":63,"column":12},"end":{"line":63,"column":null}},"17":{"start":{"line":64,"column":2},"end":{"line":66,"column":null}},"18":{"start":{"line":64,"column":15},"end":{"line":64,"column":18}},"19":{"start":{"line":65,"column":4},"end":{"line":65,"column":null}},"20":{"start":{"line":67,"column":2},"end":{"line":67,"column":null}},"21":{"start":{"line":72,"column":2},"end":{"line":72,"column":null}},"22":{"start":{"line":76,"column":19},"end":{"line":82,"column":null}},"23":{"start":{"line":83,"column":2},"end":{"line":89,"column":null}},"24":{"start":{"line":93,"column":2},"end":{"line":96,"column":null}},"25":{"start":{"line":103,"column":15},"end":{"line":103,"column":null}},"26":{"start":{"line":104,"column":13},"end":{"line":104,"column":null}},"27":{"start":{"line":105,"column":14},"end":{"line":105,"column":null}},"28":{"start":{"line":106,"column":18},"end":{"line":109,"column":null}},"29":{"start":{"line":110,"column":2},"end":{"line":114,"column":null}},"30":{"start":{"line":123,"column":2},"end":{"line":136,"column":null}},"31":{"start":{"line":124,"column":16},"end":{"line":124,"column":null}},"32":{"start":{"line":125,"column":4},"end":{"line":133,"column":null}},"33":{"start":{"line":135,"column":4},"end":{"line":135,"column":null}},"34":{"start":{"line":147,"column":17},"end":{"line":147,"column":null}},"35":{"start":{"line":148,"column":22},"end":{"line":148,"column":null}},"36":{"start":{"line":150,"column":21},"end":{"line":150,"column":null}},"37":{"start":{"line":151,"column":21},"end":{"line":151,"column":null}},"38":{"start":{"line":153,"column":2},"end":{"line":165,"column":null}},"39":{"start":{"line":173,"column":2},"end":{"line":173,"column":null}},"40":{"start":{"line":181,"column":2},"end":{"line":186,"column":null}},"41":{"start":{"line":198,"column":21},"end":{"line":198,"column":null}},"42":{"start":{"line":199,"column":2},"end":{"line":204,"column":null}},"43":{"start":{"line":212,"column":22},"end":{"line":212,"column":null}},"44":{"start":{"line":213,"column":21},"end":{"line":213,"column":null}},"45":{"start":{"line":214,"column":2},"end":{"line":222,"column":null}},"46":{"start":{"line":229,"column":13},"end":{"line":229,"column":null}},"47":{"start":{"line":230,"column":17},"end":{"line":234,"column":null}},"48":{"start":{"line":235,"column":2},"end":{"line":235,"column":null}},"49":{"start":{"line":240,"column":2},"end":{"line":251,"column":null}},"50":{"start":{"line":241,"column":31},"end":{"line":241,"column":null}},"51":{"start":{"line":242,"column":4},"end":{"line":242,"column":null}},"52":{"start":{"line":242,"column":30},"end":{"line":242,"column":null}},"53":{"start":{"line":243,"column":18},"end":{"line":247,"column":null}},"54":{"start":{"line":248,"column":4},"end":{"line":248,"column":null}},"55":{"start":{"line":250,"column":4},"end":{"line":250,"column":null}}},"fnMap":{"0":{"name":"toBase64","decl":{"start":{"line":34,"column":9},"end":{"line":34,"column":18}},"loc":{"start":{"line":34,"column":45},"end":{"line":38,"column":null}},"line":34},"1":{"name":"fromBase64","decl":{"start":{"line":40,"column":9},"end":{"line":40,"column":20}},"loc":{"start":{"line":40,"column":47},"end":{"line":45,"column":null}},"line":40},"2":{"name":"randomBytes","decl":{"start":{"line":47,"column":9},"end":{"line":47,"column":21}},"loc":{"start":{"line":47,"column":44},"end":{"line":51,"column":null}},"line":47},"3":{"name":"generateRecoveryKey","decl":{"start":{"line":61,"column":16},"end":{"line":61,"column":46}},"loc":{"start":{"line":61,"column":46},"end":{"line":68,"column":null}},"line":61},"4":{"name":"normaliseRecoveryKey","decl":{"start":{"line":71,"column":16},"end":{"line":71,"column":37}},"loc":{"start":{"line":71,"column":60},"end":{"line":73,"column":null}},"line":71},"5":{"name":"deriveWrappingKey","decl":{"start":{"line":75,"column":15},"end":{"line":75,"column":33}},"loc":{"start":{"line":75,"column":87},"end":{"line":90,"column":null}},"line":75},"6":{"name":"generateMasterKey","decl":{"start":{"line":92,"column":15},"end":{"line":92,"column":55}},"loc":{"start":{"line":92,"column":55},"end":{"line":97,"column":null}},"line":92},"7":{"name":"wrap","decl":{"start":{"line":99,"column":15},"end":{"line":99,"column":null}},"loc":{"start":{"line":102,"column":58},"end":{"line":115,"column":null}},"line":102},"8":{"name":"unwrap","decl":{"start":{"line":117,"column":15},"end":{"line":117,"column":null}},"loc":{"start":{"line":122,"column":29},"end":{"line":137,"column":null}},"line":122},"9":{"name":"createAccountKeys","decl":{"start":{"line":146,"column":22},"end":{"line":146,"column":40}},"loc":{"start":{"line":146,"column":83},"end":{"line":166,"column":null}},"line":146},"10":{"name":"unlockWithPassword","decl":{"start":{"line":169,"column":22},"end":{"line":169,"column":null}},"loc":{"start":{"line":172,"column":29},"end":{"line":174,"column":null}},"line":172},"11":{"name":"unlockWithRecoveryKey","decl":{"start":{"line":177,"column":22},"end":{"line":177,"column":null}},"loc":{"start":{"line":180,"column":29},"end":{"line":187,"column":null}},"line":180},"12":{"name":"rewrapWithPassword","decl":{"start":{"line":193,"column":22},"end":{"line":193,"column":null}},"loc":{"start":{"line":197,"column":24},"end":{"line":205,"column":null}},"line":197},"13":{"name":"rewrapWithNewRecoveryKey","decl":{"start":{"line":208,"column":22},"end":{"line":208,"column":null}},"loc":{"start":{"line":211,"column":58},"end":{"line":223,"column":null}},"line":211},"14":{"name":"encryptRecord","decl":{"start":{"line":228,"column":22},"end":{"line":228,"column":36}},"loc":{"start":{"line":228,"column":88},"end":{"line":236,"column":null}},"line":228},"15":{"name":"decryptRecord","decl":{"start":{"line":239,"column":22},"end":{"line":239,"column":39}},"loc":{"start":{"line":239,"column":91},"end":{"line":252,"column":null}},"line":239}},"branchMap":{"0":{"loc":{"start":{"line":67,"column":10},"end":{"line":67,"column":36}},"type":"binary-expr","locations":[{"start":{"line":67,"column":10},"end":{"line":67,"column":34}},{"start":{"line":67,"column":34},"end":{"line":67,"column":36}}],"line":67},"1":{"loc":{"start":{"line":242,"column":4},"end":{"line":242,"column":null}},"type":"if","locations":[{"start":{"line":242,"column":4},"end":{"line":242,"column":null}},{"start":{},"end":{}}],"line":242},"2":{"loc":{"start":{"line":242,"column":8},"end":{"line":242,"column":30}},"type":"binary-expr","locations":[{"start":{"line":242,"column":8},"end":{"line":242,"column":19}},{"start":{"line":242,"column":19},"end":{"line":242,"column":30}}],"line":242}},"s":{"0":2,"1":2,"2":241,"3":241,"4":6602,"5":241,"6":49,"7":49,"8":49,"9":49,"10":1419,"11":49,"12":516,"13":516,"14":516,"15":361,"16":361,"17":361,"18":361,"19":14440,"20":361,"21":40,"22":80,"23":80,"24":32,"25":69,"26":69,"27":69,"28":69,"29":69,"30":11,"31":11,"32":11,"33":4,"34":32,"35":32,"36":32,"37":32,"38":32,"39":5,"40":6,"41":3,"42":3,"43":2,"44":2,"45":2,"46":17,"47":17,"48":17,"49":10,"50":10,"51":10,"52":2,"53":8,"54":5,"55":3},"f":{"0":241,"1":49,"2":516,"3":361,"4":40,"5":80,"6":32,"7":69,"8":11,"9":32,"10":5,"11":6,"12":3,"13":2,"14":17,"15":10},"b":{"0":[361,0],"1":[2,8],"2":[10,9]},"meta":{"lastBranch":3,"lastFunction":16,"lastStatement":56,"seen":{"s:18:19:18:Infinity":0,"s:32:17:32:Infinity":1,"f:34:9:34:18":0,"s:35:10:35:Infinity":2,"s:36:2:36:Infinity":3,"s:36:25:36:Infinity":4,"s:37:2:37:Infinity":5,"f:40:9:40:20":1,"s:41:14:41:Infinity":6,"s:42:14:42:Infinity":7,"s:43:2:43:Infinity":8,"s:43:15:43:18":9,"s:43:39:43:Infinity":10,"s:44:2:44:Infinity":11,"f:47:9:47:21":2,"s:48:12:48:Infinity":12,"s:49:2:49:Infinity":13,"s:50:2:50:Infinity":14,"f:61:16:61:46":3,"s:62:16:62:Infinity":15,"s:63:12:63:Infinity":16,"s:64:2:66:Infinity":17,"s:64:15:64:18":18,"s:65:4:65:Infinity":19,"s:67:2:67:Infinity":20,"b:67:10:67:34:67:34:67:36":0,"f:71:16:71:37":4,"s:72:2:72:Infinity":21,"f:75:15:75:33":5,"s:76:19:82:Infinity":22,"s:83:2:89:Infinity":23,"f:92:15:92:55":6,"s:93:2:96:Infinity":24,"f:99:15:99:Infinity":7,"s:103:15:103:Infinity":25,"s:104:13:104:Infinity":26,"s:105:14:105:Infinity":27,"s:106:18:109:Infinity":28,"s:110:2:114:Infinity":29,"f:117:15:117:Infinity":8,"s:123:2:136:Infinity":30,"s:124:16:124:Infinity":31,"s:125:4:133:Infinity":32,"s:135:4:135:Infinity":33,"f:146:22:146:40":9,"s:147:17:147:Infinity":34,"s:148:22:148:Infinity":35,"s:150:21:150:Infinity":36,"s:151:21:151:Infinity":37,"s:153:2:165:Infinity":38,"f:169:22:169:Infinity":10,"s:173:2:173:Infinity":39,"f:177:22:177:Infinity":11,"s:181:2:186:Infinity":40,"f:193:22:193:Infinity":12,"s:198:21:198:Infinity":41,"s:199:2:204:Infinity":42,"f:208:22:208:Infinity":13,"s:212:22:212:Infinity":43,"s:213:21:213:Infinity":44,"s:214:2:222:Infinity":45,"f:228:22:228:36":14,"s:229:13:229:Infinity":46,"s:230:17:234:Infinity":47,"s:235:2:235:Infinity":48,"f:239:22:239:39":15,"s:240:2:251:Infinity":49,"s:241:31:241:Infinity":50,"b:242:4:242:Infinity:undefined:undefined:undefined:undefined":1,"s:242:4:242:Infinity":51,"b:242:8:242:19:242:19:242:30":2,"s:242:30:242:Infinity":52,"s:243:18:247:Infinity":53,"s:248:4:248:Infinity":54,"s:250:4:250:Infinity":55},"fnNames":{}}}
,"/Users/anthonyrocha/Desktop/psych-schedule/src/lib/auth.ts": {"path":"/Users/anthonyrocha/Desktop/psych-schedule/src/lib/auth.ts","statementMap":{"0":{"start":{"line":35,"column":35},"end":{"line":35,"column":null}},"1":{"start":{"line":38,"column":2},"end":{"line":38,"column":null}},"2":{"start":{"line":48,"column":2},"end":{"line":56,"column":null}},"3":{"start":{"line":60,"column":2},"end":{"line":68,"column":null}},"4":{"start":{"line":73,"column":32},"end":{"line":73,"column":null}},"5":{"start":{"line":74,"column":2},"end":{"line":95,"column":null}},"6":{"start":{"line":75,"column":21},"end":{"line":75,"column":33}},"7":{"start":{"line":76,"column":4},"end":{"line":76,"column":null}},"8":{"start":{"line":76,"column":19},"end":{"line":76,"column":null}},"9":{"start":{"line":77,"column":4},"end":{"line":94,"column":null}},"10":{"start":{"line":79,"column":8},"end":{"line":88,"column":null}},"11":{"start":{"line":81,"column":12},"end":{"line":81,"column":null}},"12":{"start":{"line":83,"column":12},"end":{"line":83,"column":null}},"13":{"start":{"line":85,"column":12},"end":{"line":85,"column":null}},"14":{"start":{"line":87,"column":12},"end":{"line":87,"column":null}},"15":{"start":{"line":93,"column":8},"end":{"line":93,"column":null}},"16":{"start":{"line":99,"column":19},"end":{"line":99,"column":31}},"17":{"start":{"line":100,"column":2},"end":{"line":100,"column":null}},"18":{"start":{"line":100,"column":17},"end":{"line":100,"column":null}},"19":{"start":{"line":101,"column":19},"end":{"line":101,"column":null}},"20":{"start":{"line":102,"column":2},"end":{"line":102,"column":null}},"21":{"start":{"line":106,"column":19},"end":{"line":106,"column":31}},"22":{"start":{"line":107,"column":2},"end":{"line":107,"column":null}},"23":{"start":{"line":107,"column":17},"end":{"line":107,"column":null}},"24":{"start":{"line":109,"column":32},"end":{"line":109,"column":null}},"25":{"start":{"line":110,"column":2},"end":{"line":112,"column":null}},"26":{"start":{"line":111,"column":4},"end":{"line":111,"column":null}},"27":{"start":{"line":114,"column":17},"end":{"line":114,"column":null}},"28":{"start":{"line":115,"column":24},"end":{"line":119,"column":null}},"29":{"start":{"line":122,"column":2},"end":{"line":122,"column":null}},"30":{"start":{"line":122,"column":12},"end":{"line":122,"column":null}},"31":{"start":{"line":124,"column":17},"end":{"line":124,"column":null}},"32":{"start":{"line":127,"column":2},"end":{"line":127,"column":null}},"33":{"start":{"line":127,"column":15},"end":{"line":127,"column":null}},"34":{"start":{"line":129,"column":2},"end":{"line":129,"column":null}},"35":{"start":{"line":130,"column":2},"end":{"line":130,"column":null}},"36":{"start":{"line":138,"column":19},"end":{"line":138,"column":31}},"37":{"start":{"line":139,"column":2},"end":{"line":139,"column":null}},"38":{"start":{"line":139,"column":17},"end":{"line":139,"column":null}},"39":{"start":{"line":140,"column":25},"end":{"line":140,"column":null}},"40":{"start":{"line":141,"column":2},"end":{"line":141,"column":null}},"41":{"start":{"line":141,"column":18},"end":{"line":141,"column":null}},"42":{"start":{"line":143,"column":18},"end":{"line":143,"column":null}},"43":{"start":{"line":144,"column":20},"end":{"line":146,"column":null}},"44":{"start":{"line":147,"column":2},"end":{"line":147,"column":null}},"45":{"start":{"line":147,"column":13},"end":{"line":147,"column":null}},"46":{"start":{"line":149,"column":2},"end":{"line":149,"column":null}},"47":{"start":{"line":150,"column":2},"end":{"line":150,"column":null}},"48":{"start":{"line":158,"column":19},"end":{"line":158,"column":31}},"49":{"start":{"line":159,"column":2},"end":{"line":159,"column":null}},"50":{"start":{"line":159,"column":17},"end":{"line":159,"column":null}},"51":{"start":{"line":160,"column":25},"end":{"line":160,"column":null}},"52":{"start":{"line":161,"column":2},"end":{"line":161,"column":null}},"53":{"start":{"line":161,"column":18},"end":{"line":161,"column":null}},"54":{"start":{"line":163,"column":24},"end":{"line":167,"column":null}},"55":{"start":{"line":168,"column":2},"end":{"line":168,"column":null}},"56":{"start":{"line":168,"column":12},"end":{"line":168,"column":null}},"57":{"start":{"line":170,"column":15},"end":{"line":170,"column":null}},"58":{"start":{"line":171,"column":17},"end":{"line":171,"column":null}},"59":{"start":{"line":172,"column":2},"end":{"line":172,"column":null}},"60":{"start":{"line":172,"column":15},"end":{"line":172,"column":null}},"61":{"start":{"line":174,"column":20},"end":{"line":174,"column":null}},"62":{"start":{"line":175,"column":2},"end":{"line":177,"column":null}},"63":{"start":{"line":179,"column":2},"end":{"line":179,"column":null}},"64":{"start":{"line":180,"column":2},"end":{"line":180,"column":null}},"65":{"start":{"line":185,"column":19},"end":{"line":185,"column":31}},"66":{"start":{"line":186,"column":2},"end":{"line":186,"column":null}},"67":{"start":{"line":186,"column":17},"end":{"line":186,"column":null}},"68":{"start":{"line":187,"column":19},"end":{"line":187,"column":null}},"69":{"start":{"line":188,"column":2},"end":{"line":188,"column":null}},"70":{"start":{"line":192,"column":19},"end":{"line":192,"column":31}},"71":{"start":{"line":193,"column":2},"end":{"line":193,"column":null}},"72":{"start":{"line":194,"column":2},"end":{"line":194,"column":null}},"73":{"start":{"line":194,"column":16},"end":{"line":194,"column":null}},"74":{"start":{"line":203,"column":19},"end":{"line":203,"column":31}},"75":{"start":{"line":204,"column":2},"end":{"line":204,"column":null}},"76":{"start":{"line":204,"column":34},"end":{"line":204,"column":null}},"77":{"start":{"line":205,"column":25},"end":{"line":205,"column":null}},"78":{"start":{"line":206,"column":2},"end":{"line":206,"column":null}},"79":{"start":{"line":206,"column":18},"end":{"line":206,"column":null}},"80":{"start":{"line":210,"column":27},"end":{"line":210,"column":42}},"81":{"start":{"line":211,"column":17},"end":{"line":211,"column":34}},"82":{"start":{"line":212,"column":2},"end":{"line":212,"column":null}},"83":{"start":{"line":212,"column":15},"end":{"line":212,"column":null}},"84":{"start":{"line":217,"column":2},"end":{"line":222,"column":null}},"85":{"start":{"line":218,"column":4},"end":{"line":218,"column":null}},"86":{"start":{"line":220,"column":4},"end":{"line":220,"column":null}},"87":{"start":{"line":221,"column":4},"end":{"line":221,"column":null}},"88":{"start":{"line":224,"column":2},"end":{"line":224,"column":null}},"89":{"start":{"line":225,"column":2},"end":{"line":225,"column":null}}},"fnMap":{"0":{"name":"getLastSyncError","decl":{"start":{"line":37,"column":16},"end":{"line":37,"column":50}},"loc":{"start":{"line":37,"column":50},"end":{"line":39,"column":null}},"line":37},"1":{"name":"rowToWrapped","decl":{"start":{"line":47,"column":9},"end":{"line":47,"column":22}},"loc":{"start":{"line":47,"column":56},"end":{"line":57,"column":null}},"line":47},"2":{"name":"wrappedToRow","decl":{"start":{"line":59,"column":9},"end":{"line":59,"column":22}},"loc":{"start":{"line":59,"column":57},"end":{"line":69,"column":null}},"line":59},"3":{"name":"makePushHandler","decl":{"start":{"line":72,"column":9},"end":{"line":72,"column":25}},"loc":{"start":{"line":72,"column":60},"end":{"line":96,"column":null}},"line":72},"4":{"name":"(anonymous_4)","decl":{"start":{"line":74,"column":2},"end":{"line":74,"column":10}},"loc":{"start":{"line":74,"column":36},"end":{"line":95,"column":null}},"line":74},"5":{"name":"(anonymous_5)","decl":{"start":{"line":78,"column":7},"end":{"line":78,"column":18}},"loc":{"start":{"line":78,"column":18},"end":{"line":89,"column":7}},"line":78},"6":{"name":"(anonymous_6)","decl":{"start":{"line":92,"column":7},"end":{"line":92,"column":14}},"loc":{"start":{"line":92,"column":20},"end":{"line":94,"column":7}},"line":92},"7":{"name":"activate","decl":{"start":{"line":98,"column":15},"end":{"line":98,"column":24}},"loc":{"start":{"line":98,"column":74},"end":{"line":103,"column":null}},"line":98},"8":{"name":"signIn","decl":{"start":{"line":105,"column":22},"end":{"line":105,"column":29}},"loc":{"start":{"line":105,"column":86},"end":{"line":131,"column":null}},"line":105},"9":{"name":"setUpKeys","decl":{"start":{"line":137,"column":22},"end":{"line":137,"column":32}},"loc":{"start":{"line":137,"column":74},"end":{"line":151,"column":null}},"line":137},"10":{"name":"recoverWithKey","decl":{"start":{"line":154,"column":22},"end":{"line":154,"column":null}},"loc":{"start":{"line":157,"column":20},"end":{"line":181,"column":null}},"line":157},"11":{"name":"resumeSession","decl":{"start":{"line":184,"column":22},"end":{"line":184,"column":56}},"loc":{"start":{"line":184,"column":56},"end":{"line":189,"column":null}},"line":184},"12":{"name":"signOut","decl":{"start":{"line":191,"column":22},"end":{"line":191,"column":47}},"loc":{"start":{"line":191,"column":47},"end":{"line":195,"column":null}},"line":191},"13":{"name":"uploadLocalData","decl":{"start":{"line":198,"column":22},"end":{"line":198,"column":null}},"loc":{"start":{"line":202,"column":10},"end":{"line":226,"column":null}},"line":202}},"branchMap":{"0":{"loc":{"start":{"line":76,"column":4},"end":{"line":76,"column":null}},"type":"if","locations":[{"start":{"line":76,"column":4},"end":{"line":76,"column":null}},{"start":{},"end":{}}],"line":76},"1":{"loc":{"start":{"line":79,"column":8},"end":{"line":88,"column":null}},"type":"switch","locations":[{"start":{"line":80,"column":10},"end":{"line":81,"column":null}},{"start":{"line":82,"column":10},"end":{"line":83,"column":null}},{"start":{"line":84,"column":10},"end":{"line":85,"column":null}},{"start":{"line":86,"column":10},"end":{"line":87,"column":null}}],"line":79},"2":{"loc":{"start":{"line":93,"column":24},"end":{"line":93,"column":null}},"type":"cond-expr","locations":[{"start":{"line":93,"column":45},"end":{"line":93,"column":57}},{"start":{"line":93,"column":57},"end":{"line":93,"column":null}}],"line":93},"3":{"loc":{"start":{"line":100,"column":2},"end":{"line":100,"column":null}},"type":"if","locations":[{"start":{"line":100,"column":2},"end":{"line":100,"column":null}},{"start":{},"end":{}}],"line":100},"4":{"loc":{"start":{"line":107,"column":2},"end":{"line":107,"column":null}},"type":"if","locations":[{"start":{"line":107,"column":2},"end":{"line":107,"column":null}},{"start":{},"end":{}}],"line":107},"5":{"loc":{"start":{"line":110,"column":2},"end":{"line":112,"column":null}},"type":"if","locations":[{"start":{"line":110,"column":2},"end":{"line":112,"column":null}},{"start":{},"end":{}}],"line":110},"6":{"loc":{"start":{"line":110,"column":6},"end":{"line":110,"column":27}},"type":"binary-expr","locations":[{"start":{"line":110,"column":6},"end":{"line":110,"column":15}},{"start":{"line":110,"column":15},"end":{"line":110,"column":27}}],"line":110},"7":{"loc":{"start":{"line":111,"column":40},"end":{"line":111,"column":75}},"type":"binary-expr","locations":[{"start":{"line":111,"column":40},"end":{"line":111,"column":58}},{"start":{"line":111,"column":58},"end":{"line":111,"column":75}}],"line":111},"8":{"loc":{"start":{"line":122,"column":2},"end":{"line":122,"column":null}},"type":"if","locations":[{"start":{"line":122,"column":2},"end":{"line":122,"column":null}},{"start":{},"end":{}}],"line":122},"9":{"loc":{"start":{"line":127,"column":2},"end":{"line":127,"column":null}},"type":"if","locations":[{"start":{"line":127,"column":2},"end":{"line":127,"column":null}},{"start":{},"end":{}}],"line":127},"10":{"loc":{"start":{"line":139,"column":2},"end":{"line":139,"column":null}},"type":"if","locations":[{"start":{"line":139,"column":2},"end":{"line":139,"column":null}},{"start":{},"end":{}}],"line":139},"11":{"loc":{"start":{"line":141,"column":2},"end":{"line":141,"column":null}},"type":"if","locations":[{"start":{"line":141,"column":2},"end":{"line":141,"column":null}},{"start":{},"end":{}}],"line":141},"12":{"loc":{"start":{"line":147,"column":2},"end":{"line":147,"column":null}},"type":"if","locations":[{"start":{"line":147,"column":2},"end":{"line":147,"column":null}},{"start":{},"end":{}}],"line":147},"13":{"loc":{"start":{"line":159,"column":2},"end":{"line":159,"column":null}},"type":"if","locations":[{"start":{"line":159,"column":2},"end":{"line":159,"column":null}},{"start":{},"end":{}}],"line":159},"14":{"loc":{"start":{"line":161,"column":2},"end":{"line":161,"column":null}},"type":"if","locations":[{"start":{"line":161,"column":2},"end":{"line":161,"column":null}},{"start":{},"end":{}}],"line":161},"15":{"loc":{"start":{"line":168,"column":2},"end":{"line":168,"column":null}},"type":"if","locations":[{"start":{"line":168,"column":2},"end":{"line":168,"column":null}},{"start":{},"end":{}}],"line":168},"16":{"loc":{"start":{"line":172,"column":2},"end":{"line":172,"column":null}},"type":"if","locations":[{"start":{"line":172,"column":2},"end":{"line":172,"column":null}},{"start":{},"end":{}}],"line":172},"17":{"loc":{"start":{"line":186,"column":2},"end":{"line":186,"column":null}},"type":"if","locations":[{"start":{"line":186,"column":2},"end":{"line":186,"column":null}},{"start":{},"end":{}}],"line":186},"18":{"loc":{"start":{"line":194,"column":2},"end":{"line":194,"column":null}},"type":"if","locations":[{"start":{"line":194,"column":2},"end":{"line":194,"column":null}},{"start":{},"end":{}}],"line":194},"19":{"loc":{"start":{"line":204,"column":2},"end":{"line":204,"column":null}},"type":"if","locations":[{"start":{"line":204,"column":2},"end":{"line":204,"column":null}},{"start":{},"end":{}}],"line":204},"20":{"loc":{"start":{"line":204,"column":6},"end":{"line":204,"column":31}},"type":"binary-expr","locations":[{"start":{"line":204,"column":6},"end":{"line":204,"column":19}},{"start":{"line":204,"column":19},"end":{"line":204,"column":31}}],"line":204},"21":{"loc":{"start":{"line":206,"column":2},"end":{"line":206,"column":null}},"type":"if","locations":[{"start":{"line":206,"column":2},"end":{"line":206,"column":null}},{"start":{},"end":{}}],"line":206},"22":{"loc":{"start":{"line":212,"column":2},"end":{"line":212,"column":null}},"type":"if","locations":[{"start":{"line":212,"column":2},"end":{"line":212,"column":null}},{"start":{},"end":{}}],"line":212},"23":{"loc":{"start":{"line":220,"column":20},"end":{"line":220,"column":null}},"type":"cond-expr","locations":[{"start":{"line":220,"column":41},"end":{"line":220,"column":53}},{"start":{"line":220,"column":53},"end":{"line":220,"column":null}}],"line":220}},"s":{"0":0,"1":0,"2":0,"3":0,"4":0,"5":0,"6":0,"7":0,"8":0,"9":0,"10":0,"11":0,"12":0,"13":0,"14":0,"15":0,"16":0,"17":0,"18":0,"19":0,"20":0,"21":0,"22":0,"23":0,"24":0,"25":0,"26":0,"27":0,"28":0,"29":0,"30":0,"31":0,"32":0,"33":0,"34":0,"35":0,"36":0,"37":0,"38":0,"39":0,"40":0,"41":0,"42":0,"43":0,"44":0,"45":0,"46":0,"47":0,"48":0,"49":0,"50":0,"51":0,"52":0,"53":0,"54":0,"55":0,"56":0,"57":0,"58":0,"59":0,"60":0,"61":0,"62":0,"63":0,"64":0,"65":0,"66":0,"67":0,"68":0,"69":0,"70":0,"71":0,"72":0,"73":0,"74":0,"75":0,"76":0,"77":0,"78":0,"79":0,"80":0,"81":0,"82":0,"83":0,"84":0,"85":0,"86":0,"87":0,"88":0,"89":0},"f":{"0":0,"1":0,"2":0,"3":0,"4":0,"5":0,"6":0,"7":0,"8":0,"9":0,"10":0,"11":0,"12":0,"13":0},"b":{"0":[0,0],"1":[0,0,0,0],"2":[0,0],"3":[0,0],"4":[0,0],"5":[0,0],"6":[0,0],"7":[0,0],"8":[0,0],"9":[0,0],"10":[0,0],"11":[0,0],"12":[0,0],"13":[0,0],"14":[0,0],"15":[0,0],"16":[0,0],"17":[0,0],"18":[0,0],"19":[0,0],"20":[0,0],"21":[0,0],"22":[0,0],"23":[0,0]},"meta":{"lastBranch":24,"lastFunction":14,"lastStatement":90,"seen":{"s:35:35:35:Infinity":0,"f:37:16:37:50":0,"s:38:2:38:Infinity":1,"f:47:9:47:22":1,"s:48:2:56:Infinity":2,"f:59:9:59:22":2,"s:60:2:68:Infinity":3,"f:72:9:72:25":3,"s:73:32:73:Infinity":4,"s:74:2:95:Infinity":5,"f:74:2:74:10":4,"s:75:21:75:33":6,"b:76:4:76:Infinity:undefined:undefined:undefined:undefined":0,"s:76:4:76:Infinity":7,"s:76:19:76:Infinity":8,"s:77:4:94:Infinity":9,"f:78:7:78:18":5,"b:80:10:81:Infinity:82:10:83:Infinity:84:10:85:Infinity:86:10:87:Infinity":1,"s:79:8:88:Infinity":10,"s:81:12:81:Infinity":11,"s:83:12:83:Infinity":12,"s:85:12:85:Infinity":13,"s:87:12:87:Infinity":14,"f:92:7:92:14":6,"s:93:8:93:Infinity":15,"b:93:45:93:57:93:57:93:Infinity":2,"f:98:15:98:24":7,"s:99:19:99:31":16,"b:100:2:100:Infinity:undefined:undefined:undefined:undefined":3,"s:100:2:100:Infinity":17,"s:100:17:100:Infinity":18,"s:101:19:101:Infinity":19,"s:102:2:102:Infinity":20,"f:105:22:105:29":8,"s:106:19:106:31":21,"b:107:2:107:Infinity:undefined:undefined:undefined:undefined":4,"s:107:2:107:Infinity":22,"s:107:17:107:Infinity":23,"s:109:32:109:Infinity":24,"b:110:2:112:Infinity:undefined:undefined:undefined:undefined":5,"s:110:2:112:Infinity":25,"b:110:6:110:15:110:15:110:27":6,"s:111:4:111:Infinity":26,"b:111:40:111:58:111:58:111:75":7,"s:114:17:114:Infinity":27,"s:115:24:119:Infinity":28,"b:122:2:122:Infinity:undefined:undefined:undefined:undefined":8,"s:122:2:122:Infinity":29,"s:122:12:122:Infinity":30,"s:124:17:124:Infinity":31,"b:127:2:127:Infinity:undefined:undefined:undefined:undefined":9,"s:127:2:127:Infinity":32,"s:127:15:127:Infinity":33,"s:129:2:129:Infinity":34,"s:130:2:130:Infinity":35,"f:137:22:137:32":9,"s:138:19:138:31":36,"b:139:2:139:Infinity:undefined:undefined:undefined:undefined":10,"s:139:2:139:Infinity":37,"s:139:17:139:Infinity":38,"s:140:25:140:Infinity":39,"b:141:2:141:Infinity:undefined:undefined:undefined:undefined":11,"s:141:2:141:Infinity":40,"s:141:18:141:Infinity":41,"s:143:18:143:Infinity":42,"s:144:20:146:Infinity":43,"b:147:2:147:Infinity:undefined:undefined:undefined:undefined":12,"s:147:2:147:Infinity":44,"s:147:13:147:Infinity":45,"s:149:2:149:Infinity":46,"s:150:2:150:Infinity":47,"f:154:22:154:Infinity":10,"s:158:19:158:31":48,"b:159:2:159:Infinity:undefined:undefined:undefined:undefined":13,"s:159:2:159:Infinity":49,"s:159:17:159:Infinity":50,"s:160:25:160:Infinity":51,"b:161:2:161:Infinity:undefined:undefined:undefined:undefined":14,"s:161:2:161:Infinity":52,"s:161:18:161:Infinity":53,"s:163:24:167:Infinity":54,"b:168:2:168:Infinity:undefined:undefined:undefined:undefined":15,"s:168:2:168:Infinity":55,"s:168:12:168:Infinity":56,"s:170:15:170:Infinity":57,"s:171:17:171:Infinity":58,"b:172:2:172:Infinity:undefined:undefined:undefined:undefined":16,"s:172:2:172:Infinity":59,"s:172:15:172:Infinity":60,"s:174:20:174:Infinity":61,"s:175:2:177:Infinity":62,"s:179:2:179:Infinity":63,"s:180:2:180:Infinity":64,"f:184:22:184:56":11,"s:185:19:185:31":65,"b:186:2:186:Infinity:undefined:undefined:undefined:undefined":17,"s:186:2:186:Infinity":66,"s:186:17:186:Infinity":67,"s:187:19:187:Infinity":68,"s:188:2:188:Infinity":69,"f:191:22:191:47":12,"s:192:19:192:31":70,"s:193:2:193:Infinity":71,"b:194:2:194:Infinity:undefined:undefined:undefined:undefined":18,"s:194:2:194:Infinity":72,"s:194:16:194:Infinity":73,"f:198:22:198:Infinity":13,"s:203:19:203:31":74,"b:204:2:204:Infinity:undefined:undefined:undefined:undefined":19,"s:204:2:204:Infinity":75,"b:204:6:204:19:204:19:204:31":20,"s:204:34:204:Infinity":76,"s:205:25:205:Infinity":77,"b:206:2:206:Infinity:undefined:undefined:undefined:undefined":21,"s:206:2:206:Infinity":78,"s:206:18:206:Infinity":79,"s:210:27:210:42":80,"s:211:17:211:34":81,"b:212:2:212:Infinity:undefined:undefined:undefined:undefined":22,"s:212:2:212:Infinity":82,"s:212:15:212:Infinity":83,"s:217:2:222:Infinity":84,"s:218:4:218:Infinity":85,"s:220:4:220:Infinity":86,"b:220:41:220:53:220:53:220:Infinity":23,"s:221:4:221:Infinity":87,"s:224:2:224:Infinity":88,"s:225:2:225:Infinity":89},"fnNames":{}}}
,"/Users/anthonyrocha/Desktop/psych-schedule/src/lib/evolution.ts": {"path":"/Users/anthonyrocha/Desktop/psych-schedule/src/lib/evolution.ts","statementMap":{"0":{"start":{"line":9,"column":37},"end":{"line":9,"column":null}}},"fnMap":{},"branchMap":{},"s":{"0":6},"f":{},"b":{},"meta":{"lastBranch":0,"lastFunction":0,"lastStatement":1,"seen":{"s:9:37:9:Infinity":0},"fnNames":{}}}
,"/Users/anthonyrocha/Desktop/psych-schedule/src/lib/history.ts": {"path":"/Users/anthonyrocha/Desktop/psych-schedule/src/lib/history.ts","statementMap":{"0":{"start":{"line":25,"column":31},"end":{"line":25,"column":null}},"1":{"start":{"line":26,"column":2},"end":{"line":39,"column":null}},"2":{"start":{"line":27,"column":4},"end":{"line":38,"column":null}},"3":{"start":{"line":28,"column":24},"end":{"line":28,"column":null}},"4":{"start":{"line":29,"column":6},"end":{"line":29,"column":null}},"5":{"start":{"line":29,"column":56},"end":{"line":29,"column":null}},"6":{"start":{"line":30,"column":6},"end":{"line":37,"column":null}},"7":{"start":{"line":40,"column":2},"end":{"line":40,"column":null}},"8":{"start":{"line":45,"column":17},"end":{"line":45,"column":null}},"9":{"start":{"line":46,"column":2},"end":{"line":50,"column":null}},"10":{"start":{"line":47,"column":17},"end":{"line":47,"column":null}},"11":{"start":{"line":48,"column":4},"end":{"line":49,"column":null}},"12":{"start":{"line":48,"column":14},"end":{"line":48,"column":null}},"13":{"start":{"line":49,"column":9},"end":{"line":49,"column":null}},"14":{"start":{"line":51,"column":2},"end":{"line":56,"column":null}},"15":{"start":{"line":52,"column":20},"end":{"line":52,"column":44}},"16":{"start":{"line":53,"column":31},"end":{"line":56,"column":6}},"17":{"start":{"line":55,"column":36},"end":{"line":55,"column":61}},"18":{"start":{"line":60,"column":17},"end":{"line":60,"column":null}},"19":{"start":{"line":61,"column":29},"end":{"line":61,"column":null}},"20":{"start":{"line":62,"column":28},"end":{"line":62,"column":null}},"21":{"start":{"line":63,"column":16},"end":{"line":63,"column":null}},"22":{"start":{"line":65,"column":2},"end":{"line":70,"column":null}},"23":{"start":{"line":66,"column":4},"end":{"line":66,"column":null}},"24":{"start":{"line":67,"column":4},"end":{"line":67,"column":null}},"25":{"start":{"line":68,"column":4},"end":{"line":68,"column":null}},"26":{"start":{"line":68,"column":37},"end":{"line":68,"column":null}},"27":{"start":{"line":69,"column":4},"end":{"line":69,"column":null}},"28":{"start":{"line":69,"column":35},"end":{"line":69,"column":null}},"29":{"start":{"line":72,"column":19},"end":{"line":74,"column":null}},"30":{"start":{"line":73,"column":29},"end":{"line":73,"column":45}},"31":{"start":{"line":74,"column":20},"end":{"line":74,"column":69}},"32":{"start":{"line":76,"column":2},"end":{"line":82,"column":null}}},"fnMap":{"0":{"name":"toSessions","decl":{"start":{"line":24,"column":16},"end":{"line":24,"column":27}},"loc":{"start":{"line":24,"column":67},"end":{"line":41,"column":null}},"line":24},"1":{"name":"groupByDate","decl":{"start":{"line":44,"column":16},"end":{"line":44,"column":28}},"loc":{"start":{"line":44,"column":69},"end":{"line":57,"column":null}},"line":44},"2":{"name":"(anonymous_2)","decl":{"start":{"line":52,"column":5},"end":{"line":52,"column":11}},"loc":{"start":{"line":52,"column":20},"end":{"line":52,"column":44}},"line":52},"3":{"name":"(anonymous_3)","decl":{"start":{"line":53,"column":5},"end":{"line":53,"column":10}},"loc":{"start":{"line":53,"column":31},"end":{"line":56,"column":6}},"line":53},"4":{"name":"(anonymous_4)","decl":{"start":{"line":55,"column":21},"end":{"line":55,"column":27}},"loc":{"start":{"line":55,"column":36},"end":{"line":55,"column":61}},"line":55},"5":{"name":"summarize","decl":{"start":{"line":59,"column":16},"end":{"line":59,"column":26}},"loc":{"start":{"line":59,"column":69},"end":{"line":83,"column":null}},"line":59},"6":{"name":"(anonymous_6)","decl":{"start":{"line":73,"column":5},"end":{"line":73,"column":10}},"loc":{"start":{"line":73,"column":29},"end":{"line":73,"column":45}},"line":73},"7":{"name":"(anonymous_7)","decl":{"start":{"line":74,"column":5},"end":{"line":74,"column":11}},"loc":{"start":{"line":74,"column":20},"end":{"line":74,"column":69}},"line":74}},"branchMap":{"0":{"loc":{"start":{"line":29,"column":6},"end":{"line":29,"column":null}},"type":"if","locations":[{"start":{"line":29,"column":6},"end":{"line":29,"column":null}},{"start":{},"end":{}}],"line":29},"1":{"loc":{"start":{"line":29,"column":10},"end":{"line":29,"column":56}},"type":"binary-expr","locations":[{"start":{"line":29,"column":10},"end":{"line":29,"column":42}},{"start":{"line":29,"column":42},"end":{"line":29,"column":56}}],"line":29},"2":{"loc":{"start":{"line":35,"column":14},"end":{"line":35,"column":null}},"type":"binary-expr","locations":[{"start":{"line":35,"column":14},"end":{"line":35,"column":38}},{"start":{"line":35,"column":38},"end":{"line":35,"column":null}}],"line":35},"3":{"loc":{"start":{"line":48,"column":4},"end":{"line":49,"column":null}},"type":"if","locations":[{"start":{"line":48,"column":4},"end":{"line":49,"column":null}},{"start":{"line":49,"column":9},"end":{"line":49,"column":null}}],"line":48},"4":{"loc":{"start":{"line":66,"column":31},"end":{"line":66,"column":65}},"type":"binary-expr","locations":[{"start":{"line":66,"column":31},"end":{"line":66,"column":60}},{"start":{"line":66,"column":60},"end":{"line":66,"column":65}}],"line":66},"5":{"loc":{"start":{"line":68,"column":4},"end":{"line":68,"column":null}},"type":"if","locations":[{"start":{"line":68,"column":4},"end":{"line":68,"column":null}},{"start":{},"end":{}}],"line":68},"6":{"loc":{"start":{"line":68,"column":8},"end":{"line":68,"column":37}},"type":"binary-expr","locations":[{"start":{"line":68,"column":8},"end":{"line":68,"column":18}},{"start":{"line":68,"column":18},"end":{"line":68,"column":37}}],"line":68},"7":{"loc":{"start":{"line":69,"column":4},"end":{"line":69,"column":null}},"type":"if","locations":[{"start":{"line":69,"column":4},"end":{"line":69,"column":null}},{"start":{},"end":{}}],"line":69},"8":{"loc":{"start":{"line":69,"column":8},"end":{"line":69,"column":35}},"type":"binary-expr","locations":[{"start":{"line":69,"column":8},"end":{"line":69,"column":17}},{"start":{"line":69,"column":17},"end":{"line":69,"column":35}}],"line":69},"9":{"loc":{"start":{"line":74,"column":20},"end":{"line":74,"column":69}},"type":"binary-expr","locations":[{"start":{"line":74,"column":20},"end":{"line":74,"column":41}},{"start":{"line":74,"column":41},"end":{"line":74,"column":69}}],"line":74}},"s":{"0":7,"1":7,"2":15,"3":21,"4":21,"5":1,"6":20,"7":7,"8":2,"9":2,"10":4,"11":4,"12":1,"13":3,"14":2,"15":4,"16":3,"17":1,"18":4,"19":4,"20":4,"21":4,"22":4,"23":12,"24":12,"25":12,"26":6,"27":12,"28":6,"29":4,"30":9,"31":12,"32":4},"f":{"0":7,"1":2,"2":4,"3":3,"4":1,"5":4,"6":9,"7":12},"b":{"0":[1,20],"1":[21,21],"2":[20,1],"3":[1,3],"4":[12,9],"5":[6,6],"6":[12,9],"7":[6,6],"8":[12,9],"9":[12,3]},"meta":{"lastBranch":10,"lastFunction":8,"lastStatement":33,"seen":{"f:24:16:24:27":0,"s:25:31:25:Infinity":0,"s:26:2:39:Infinity":1,"s:27:4:38:Infinity":2,"s:28:24:28:Infinity":3,"b:29:6:29:Infinity:undefined:undefined:undefined:undefined":0,"s:29:6:29:Infinity":4,"b:29:10:29:42:29:42:29:56":1,"s:29:56:29:Infinity":5,"s:30:6:37:Infinity":6,"b:35:14:35:38:35:38:35:Infinity":2,"s:40:2:40:Infinity":7,"f:44:16:44:28":1,"s:45:17:45:Infinity":8,"s:46:2:50:Infinity":9,"s:47:17:47:Infinity":10,"b:48:4:49:Infinity:49:9:49:Infinity":3,"s:48:4:49:Infinity":11,"s:48:14:48:Infinity":12,"s:49:9:49:Infinity":13,"s:51:2:56:Infinity":14,"f:52:5:52:11":2,"s:52:20:52:44":15,"f:53:5:53:10":3,"s:53:31:56:6":16,"f:55:21:55:27":4,"s:55:36:55:61":17,"f:59:16:59:26":5,"s:60:17:60:Infinity":18,"s:61:29:61:Infinity":19,"s:62:28:62:Infinity":20,"s:63:16:63:Infinity":21,"s:65:2:70:Infinity":22,"s:66:4:66:Infinity":23,"b:66:31:66:60:66:60:66:65":4,"s:67:4:67:Infinity":24,"b:68:4:68:Infinity:undefined:undefined:undefined:undefined":5,"s:68:4:68:Infinity":25,"b:68:8:68:18:68:18:68:37":6,"s:68:37:68:Infinity":26,"b:69:4:69:Infinity:undefined:undefined:undefined:undefined":7,"s:69:4:69:Infinity":27,"b:69:8:69:17:69:17:69:35":8,"s:69:35:69:Infinity":28,"s:72:19:74:Infinity":29,"f:73:5:73:10":6,"s:73:29:73:45":30,"f:74:5:74:11":7,"s:74:20:74:69":31,"b:74:20:74:41:74:41:74:69":9,"s:76:2:82:Infinity":32},"fnNames":{}}}
,"/Users/anthonyrocha/Desktop/psych-schedule/src/lib/patients.ts": {"path":"/Users/anthonyrocha/Desktop/psych-schedule/src/lib/patients.ts","statementMap":{"0":{"start":{"line":8,"column":36},"end":{"line":8,"column":null}}},"fnMap":{},"branchMap":{},"s":{"0":6},"f":{},"b":{},"meta":{"lastBranch":0,"lastFunction":0,"lastStatement":1,"seen":{"s:8:36:8:Infinity":0},"fnNames":{}}}
,"/Users/anthonyrocha/Desktop/psych-schedule/src/lib/schedule.ts": {"path":"/Users/anthonyrocha/Desktop/psych-schedule/src/lib/schedule.ts","statementMap":{"0":{"start":{"line":5,"column":30},"end":{"line":5,"column":null}},"1":{"start":{"line":6,"column":28},"end":{"line":6,"column":null}},"2":{"start":{"line":8,"column":35},"end":{"line":11,"column":null}},"3":{"start":{"line":10,"column":12},"end":{"line":10,"column":null}},"4":{"start":{"line":15,"column":27},"end":{"line":15,"column":null}},"5":{"start":{"line":16,"column":29},"end":{"line":16,"column":null}},"6":{"start":{"line":20,"column":16},"end":{"line":20,"column":null}},"7":{"start":{"line":21,"column":2},"end":{"line":21,"column":null}},"8":{"start":{"line":21,"column":55},"end":{"line":21,"column":72}},"9":{"start":{"line":26,"column":2},"end":{"line":26,"column":null}},"10":{"start":{"line":31,"column":15},"end":{"line":31,"column":null}},"11":{"start":{"line":32,"column":2},"end":{"line":32,"column":null}},"12":{"start":{"line":62,"column":42},"end":{"line":62,"column":null}},"13":{"start":{"line":66,"column":30},"end":{"line":66,"column":null}},"14":{"start":{"line":67,"column":31},"end":{"line":67,"column":null}},"15":{"start":{"line":68,"column":38},"end":{"line":68,"column":null}},"16":{"start":{"line":69,"column":32},"end":{"line":69,"column":null}},"17":{"start":{"line":70,"column":32},"end":{"line":70,"column":null}},"18":{"start":{"line":71,"column":39},"end":{"line":71,"column":null}},"19":{"start":{"line":73,"column":13},"end":{"line":73,"column":null}},"20":{"start":{"line":73,"column":43},"end":{"line":73,"column":null}},"21":{"start":{"line":74,"column":13},"end":{"line":74,"column":null}},"22":{"start":{"line":74,"column":46},"end":{"line":74,"column":null}},"23":{"start":{"line":75,"column":13},"end":{"line":76,"column":null}},"24":{"start":{"line":76,"column":2},"end":{"line":76,"column":null}},"25":{"start":{"line":80,"column":2},"end":{"line":80,"column":null}},"26":{"start":{"line":84,"column":12},"end":{"line":84,"column":null}},"27":{"start":{"line":85,"column":2},"end":{"line":85,"column":null}},"28":{"start":{"line":94,"column":2},"end":{"line":94,"column":null}},"29":{"start":{"line":101,"column":12},"end":{"line":101,"column":null}},"30":{"start":{"line":102,"column":2},"end":{"line":102,"column":null}},"31":{"start":{"line":103,"column":14},"end":{"line":103,"column":null}},"32":{"start":{"line":104,"column":15},"end":{"line":104,"column":null}},"33":{"start":{"line":105,"column":2},"end":{"line":105,"column":null}},"34":{"start":{"line":106,"column":2},"end":{"line":106,"column":null}},"35":{"start":{"line":111,"column":12},"end":{"line":111,"column":null}},"36":{"start":{"line":112,"column":12},"end":{"line":112,"column":null}},"37":{"start":{"line":113,"column":12},"end":{"line":113,"column":null}},"38":{"start":{"line":114,"column":2},"end":{"line":114,"column":null}},"39":{"start":{"line":119,"column":20},"end":{"line":119,"column":null}},"40":{"start":{"line":120,"column":2},"end":{"line":120,"column":null}},"41":{"start":{"line":125,"column":12},"end":{"line":125,"column":null}},"42":{"start":{"line":126,"column":2},"end":{"line":126,"column":null}},"43":{"start":{"line":127,"column":2},"end":{"line":127,"column":null}},"44":{"start":{"line":132,"column":2},"end":{"line":135,"column":null}},"45":{"start":{"line":139,"column":23},"end":{"line":142,"column":null}},"46":{"start":{"line":147,"column":2},"end":{"line":147,"column":null}},"47":{"start":{"line":152,"column":2},"end":{"line":156,"column":null}},"48":{"start":{"line":161,"column":2},"end":{"line":164,"column":null}},"49":{"start":{"line":169,"column":2},"end":{"line":169,"column":null}},"50":{"start":{"line":174,"column":16},"end":{"line":174,"column":null}},"51":{"start":{"line":175,"column":2},"end":{"line":175,"column":null}},"52":{"start":{"line":180,"column":2},"end":{"line":182,"column":null}},"53":{"start":{"line":187,"column":2},"end":{"line":187,"column":null}},"54":{"start":{"line":204,"column":23},"end":{"line":204,"column":null}},"55":{"start":{"line":205,"column":23},"end":{"line":205,"column":null}},"56":{"start":{"line":207,"column":8},"end":{"line":207,"column":null}},"57":{"start":{"line":208,"column":20},"end":{"line":208,"column":null}},"58":{"start":{"line":210,"column":29},"end":{"line":210,"column":null}},"59":{"start":{"line":211,"column":2},"end":{"line":218,"column":null}},"60":{"start":{"line":211,"column":15},"end":{"line":211,"column":18}},"61":{"start":{"line":212,"column":14},"end":{"line":212,"column":null}},"62":{"start":{"line":213,"column":4},"end":{"line":217,"column":null}},"63":{"start":{"line":219,"column":2},"end":{"line":219,"column":null}}},"fnMap":{"0":{"name":"(anonymous_0)","decl":{"start":{"line":9,"column":42},"end":{"line":9,"column":null}},"loc":{"start":{"line":10,"column":12},"end":{"line":10,"column":null}},"line":10},"1":{"name":"getWindowDays","decl":{"start":{"line":19,"column":16},"end":{"line":19,"column":30}},"loc":{"start":{"line":19,"column":58},"end":{"line":22,"column":null}},"line":19},"2":{"name":"(anonymous_2)","decl":{"start":{"line":21,"column":42},"end":{"line":21,"column":46}},"loc":{"start":{"line":21,"column":55},"end":{"line":21,"column":72}},"line":21},"3":{"name":"slotHour","decl":{"start":{"line":25,"column":16},"end":{"line":25,"column":25}},"loc":{"start":{"line":25,"column":52},"end":{"line":27,"column":null}},"line":25},"4":{"name":"isLunchSlot","decl":{"start":{"line":30,"column":16},"end":{"line":30,"column":28}},"loc":{"start":{"line":30,"column":77},"end":{"line":33,"column":null}},"line":30},"5":{"name":"(anonymous_5)","decl":{"start":{"line":73,"column":13},"end":{"line":73,"column":23}},"loc":{"start":{"line":73,"column":43},"end":{"line":73,"column":null}},"line":73},"6":{"name":"(anonymous_6)","decl":{"start":{"line":74,"column":13},"end":{"line":74,"column":24}},"loc":{"start":{"line":74,"column":46},"end":{"line":74,"column":null}},"line":74},"7":{"name":"(anonymous_7)","decl":{"start":{"line":75,"column":13},"end":{"line":75,"column":30}},"loc":{"start":{"line":76,"column":2},"end":{"line":76,"column":null}},"line":76},"8":{"name":"legacyDayIndex","decl":{"start":{"line":79,"column":16},"end":{"line":79,"column":31}},"loc":{"start":{"line":79,"column":51},"end":{"line":81,"column":null}},"line":79},"9":{"name":"isWeekend","decl":{"start":{"line":83,"column":16},"end":{"line":83,"column":26}},"loc":{"start":{"line":83,"column":47},"end":{"line":86,"column":null}},"line":83},"10":{"name":"migrateLegacySlotIndex","decl":{"start":{"line":93,"column":16},"end":{"line":93,"column":39}},"loc":{"start":{"line":93,"column":66},"end":{"line":95,"column":null}},"line":93},"11":{"name":"getMondayOf","decl":{"start":{"line":100,"column":16},"end":{"line":100,"column":28}},"loc":{"start":{"line":100,"column":46},"end":{"line":107,"column":null}},"line":100},"12":{"name":"toISODate","decl":{"start":{"line":110,"column":16},"end":{"line":110,"column":26}},"loc":{"start":{"line":110,"column":46},"end":{"line":115,"column":null}},"line":110},"13":{"name":"fromISODate","decl":{"start":{"line":118,"column":16},"end":{"line":118,"column":28}},"loc":{"start":{"line":118,"column":47},"end":{"line":121,"column":null}},"line":118},"14":{"name":"addDays","decl":{"start":{"line":124,"column":16},"end":{"line":124,"column":24}},"loc":{"start":{"line":124,"column":56},"end":{"line":128,"column":null}},"line":124},"15":{"name":"isSameDay","decl":{"start":{"line":131,"column":16},"end":{"line":131,"column":26}},"loc":{"start":{"line":131,"column":53},"end":{"line":137,"column":null}},"line":131},"16":{"name":"localeFor","decl":{"start":{"line":146,"column":16},"end":{"line":146,"column":26}},"loc":{"start":{"line":146,"column":46},"end":{"line":148,"column":null}},"line":146},"17":{"name":"formatDay","decl":{"start":{"line":151,"column":16},"end":{"line":151,"column":26}},"loc":{"start":{"line":151,"column":58},"end":{"line":157,"column":null}},"line":151},"18":{"name":"formatMonthYear","decl":{"start":{"line":160,"column":16},"end":{"line":160,"column":32}},"loc":{"start":{"line":160,"column":64},"end":{"line":165,"column":null}},"line":160},"19":{"name":"formatHour","decl":{"start":{"line":168,"column":16},"end":{"line":168,"column":27}},"loc":{"start":{"line":168,"column":46},"end":{"line":170,"column":null}},"line":168},"20":{"name":"formatLunchLabel","decl":{"start":{"line":173,"column":16},"end":{"line":173,"column":33}},"loc":{"start":{"line":173,"column":74},"end":{"line":176,"column":null}},"line":173},"21":{"name":"weekdayShort","decl":{"start":{"line":179,"column":16},"end":{"line":179,"column":29}},"loc":{"start":{"line":179,"column":61},"end":{"line":183,"column":null}},"line":179},"22":{"name":"weekdayLong","decl":{"start":{"line":186,"column":16},"end":{"line":186,"column":28}},"loc":{"start":{"line":186,"column":60},"end":{"line":188,"column":null}},"line":186},"23":{"name":"getMonthGrid","decl":{"start":{"line":203,"column":16},"end":{"line":203,"column":29}},"loc":{"start":{"line":203,"column":76},"end":{"line":220,"column":null}},"line":203}},"branchMap":{"0":{"loc":{"start":{"line":32,"column":9},"end":{"line":32,"column":null}},"type":"binary-expr","locations":[{"start":{"line":32,"column":9},"end":{"line":32,"column":37}},{"start":{"line":32,"column":37},"end":{"line":32,"column":null}}],"line":32},"1":{"loc":{"start":{"line":85,"column":9},"end":{"line":85,"column":null}},"type":"binary-expr","locations":[{"start":{"line":85,"column":9},"end":{"line":85,"column":20}},{"start":{"line":85,"column":20},"end":{"line":85,"column":null}}],"line":85},"2":{"loc":{"start":{"line":94,"column":9},"end":{"line":94,"column":null}},"type":"cond-expr","locations":[{"start":{"line":94,"column":25},"end":{"line":94,"column":37}},{"start":{"line":94,"column":37},"end":{"line":94,"column":null}}],"line":94},"3":{"loc":{"start":{"line":104,"column":15},"end":{"line":104,"column":null}},"type":"cond-expr","locations":[{"start":{"line":104,"column":27},"end":{"line":104,"column":32}},{"start":{"line":104,"column":32},"end":{"line":104,"column":null}}],"line":104},"4":{"loc":{"start":{"line":120,"column":22},"end":{"line":120,"column":32}},"type":"binary-expr","locations":[{"start":{"line":120,"column":22},"end":{"line":120,"column":27}},{"start":{"line":120,"column":27},"end":{"line":120,"column":32}}],"line":120},"5":{"loc":{"start":{"line":120,"column":35},"end":{"line":120,"column":41}},"type":"binary-expr","locations":[{"start":{"line":120,"column":35},"end":{"line":120,"column":40}},{"start":{"line":120,"column":40},"end":{"line":120,"column":41}}],"line":120},"6":{"loc":{"start":{"line":133,"column":4},"end":{"line":135,"column":null}},"type":"binary-expr","locations":[{"start":{"line":133,"column":4},"end":{"line":133,"column":null}},{"start":{"line":134,"column":4},"end":{"line":134,"column":null}},{"start":{"line":135,"column":4},"end":{"line":135,"column":null}}],"line":133},"7":{"loc":{"start":{"line":175,"column":9},"end":{"line":175,"column":null}},"type":"cond-expr","locations":[{"start":{"line":175,"column":25},"end":{"line":175,"column":47}},{"start":{"line":175,"column":47},"end":{"line":175,"column":null}}],"line":175},"8":{"loc":{"start":{"line":216,"column":17},"end":{"line":216,"column":null}},"type":"binary-expr","locations":[{"start":{"line":216,"column":17},"end":{"line":216,"column":37}},{"start":{"line":216,"column":37},"end":{"line":216,"column":null}}],"line":216}},"s":{"0":6,"1":6,"2":6,"3":96,"4":6,"5":6,"6":5,"7":5,"8":25,"9":79,"10":37,"11":37,"12":6,"13":6,"14":6,"15":6,"16":6,"17":6,"18":6,"19":6,"20":54,"21":6,"22":8,"23":6,"24":3,"25":11,"26":5,"27":5,"28":26,"29":11,"30":11,"31":11,"32":11,"33":11,"34":11,"35":49,"36":49,"37":49,"38":49,"39":34,"40":34,"41":211,"42":211,"43":211,"44":2,"45":6,"46":0,"47":0,"48":0,"49":113,"50":0,"51":0,"52":0,"53":0,"54":4,"55":4,"56":4,"57":4,"58":4,"59":4,"60":4,"61":168,"62":168,"63":4},"f":{"0":96,"1":5,"2":25,"3":79,"4":37,"5":54,"6":8,"7":3,"8":11,"9":5,"10":26,"11":11,"12":49,"13":34,"14":211,"15":2,"16":0,"17":0,"18":0,"19":113,"20":0,"21":0,"22":0,"23":4},"b":{"0":[37,30],"1":[5,4],"2":[11,15],"3":[1,10],"4":[34,0],"5":[34,0],"6":[2,2,2],"7":[0,0],"8":[168,144]},"meta":{"lastBranch":9,"lastFunction":24,"lastStatement":64,"seen":{"s:5:30:5:Infinity":0,"s:6:28:6:Infinity":1,"s:8:35:11:Infinity":2,"f:9:42:9:Infinity":0,"s:10:12:10:Infinity":3,"s:15:27:15:Infinity":4,"s:16:29:16:Infinity":5,"f:19:16:19:30":1,"s:20:16:20:Infinity":6,"s:21:2:21:Infinity":7,"f:21:42:21:46":2,"s:21:55:21:72":8,"f:25:16:25:25":3,"s:26:2:26:Infinity":9,"f:30:16:30:28":4,"s:31:15:31:Infinity":10,"s:32:2:32:Infinity":11,"b:32:9:32:37:32:37:32:Infinity":0,"s:62:42:62:Infinity":12,"s:66:30:66:Infinity":13,"s:67:31:67:Infinity":14,"s:68:38:68:Infinity":15,"s:69:32:69:Infinity":16,"s:70:32:70:Infinity":17,"s:71:39:71:Infinity":18,"s:73:13:73:Infinity":19,"f:73:13:73:23":5,"s:73:43:73:Infinity":20,"s:74:13:74:Infinity":21,"f:74:13:74:24":6,"s:74:46:74:Infinity":22,"s:75:13:76:Infinity":23,"f:75:13:75:30":7,"s:76:2:76:Infinity":24,"f:79:16:79:31":8,"s:80:2:80:Infinity":25,"f:83:16:83:26":9,"s:84:12:84:Infinity":26,"s:85:2:85:Infinity":27,"b:85:9:85:20:85:20:85:Infinity":1,"f:93:16:93:39":10,"s:94:2:94:Infinity":28,"b:94:25:94:37:94:37:94:Infinity":2,"f:100:16:100:28":11,"s:101:12:101:Infinity":29,"s:102:2:102:Infinity":30,"s:103:14:103:Infinity":31,"s:104:15:104:Infinity":32,"b:104:27:104:32:104:32:104:Infinity":3,"s:105:2:105:Infinity":33,"s:106:2:106:Infinity":34,"f:110:16:110:26":12,"s:111:12:111:Infinity":35,"s:112:12:112:Infinity":36,"s:113:12:113:Infinity":37,"s:114:2:114:Infinity":38,"f:118:16:118:28":13,"s:119:20:119:Infinity":39,"s:120:2:120:Infinity":40,"b:120:22:120:27:120:27:120:32":4,"b:120:35:120:40:120:40:120:41":5,"f:124:16:124:24":14,"s:125:12:125:Infinity":41,"s:126:2:126:Infinity":42,"s:127:2:127:Infinity":43,"f:131:16:131:26":15,"s:132:2:135:Infinity":44,"b:133:4:133:Infinity:134:4:134:Infinity:135:4:135:Infinity":6,"s:139:23:142:Infinity":45,"f:146:16:146:26":16,"s:147:2:147:Infinity":46,"f:151:16:151:26":17,"s:152:2:156:Infinity":47,"f:160:16:160:32":18,"s:161:2:164:Infinity":48,"f:168:16:168:27":19,"s:169:2:169:Infinity":49,"f:173:16:173:33":20,"s:174:16:174:Infinity":50,"s:175:2:175:Infinity":51,"b:175:25:175:47:175:47:175:Infinity":7,"f:179:16:179:29":21,"s:180:2:182:Infinity":52,"f:186:16:186:28":22,"s:187:2:187:Infinity":53,"f:203:16:203:29":23,"s:204:23:204:Infinity":54,"s:205:23:205:Infinity":55,"s:207:8:207:Infinity":56,"s:208:20:208:Infinity":57,"s:210:29:210:Infinity":58,"s:211:2:218:Infinity":59,"s:211:15:211:18":60,"s:212:14:212:Infinity":61,"s:213:4:217:Infinity":62,"b:216:17:216:37:216:37:216:Infinity":8,"s:219:2:219:Infinity":63},"fnNames":{}}}
,"/Users/anthonyrocha/Desktop/psych-schedule/src/lib/storage.ts": {"path":"/Users/anthonyrocha/Desktop/psych-schedule/src/lib/storage.ts","statementMap":{"0":{"start":{"line":37,"column":17},"end":{"line":37,"column":null}},"1":{"start":{"line":47,"column":30},"end":{"line":47,"column":null}},"2":{"start":{"line":62,"column":30},"end":{"line":62,"column":null}},"3":{"start":{"line":65,"column":60},"end":{"line":65,"column":null}},"4":{"start":{"line":74,"column":2},"end":{"line":74,"column":null}},"5":{"start":{"line":78,"column":2},"end":{"line":78,"column":null}},"6":{"start":{"line":82,"column":2},"end":{"line":82,"column":null}},"7":{"start":{"line":91,"column":2},"end":{"line":99,"column":null}},"8":{"start":{"line":100,"column":2},"end":{"line":100,"column":null}},"9":{"start":{"line":104,"column":2},"end":{"line":104,"column":null}},"10":{"start":{"line":105,"column":2},"end":{"line":105,"column":null}},"11":{"start":{"line":110,"column":2},"end":{"line":110,"column":null}},"12":{"start":{"line":114,"column":2},"end":{"line":114,"column":null}},"13":{"start":{"line":117,"column":57},"end":{"line":117,"column":null}},"14":{"start":{"line":120,"column":2},"end":{"line":120,"column":null}},"15":{"start":{"line":120,"column":16},"end":{"line":120,"column":null}},"16":{"start":{"line":121,"column":15},"end":{"line":121,"column":null}},"17":{"start":{"line":122,"column":2},"end":{"line":122,"column":null}},"18":{"start":{"line":126,"column":2},"end":{"line":126,"column":null}},"19":{"start":{"line":126,"column":16},"end":{"line":126,"column":null}},"20":{"start":{"line":127,"column":2},"end":{"line":127,"column":null}},"21":{"start":{"line":127,"column":29},"end":{"line":127,"column":null}},"22":{"start":{"line":128,"column":2},"end":{"line":131,"column":null}},"23":{"start":{"line":129,"column":4},"end":{"line":129,"column":null}},"24":{"start":{"line":130,"column":4},"end":{"line":130,"column":null}},"25":{"start":{"line":137,"column":0},"end":{"line":145,"column":null}},"26":{"start":{"line":138,"column":8},"end":{"line":140,"column":null}},"27":{"start":{"line":139,"column":4},"end":{"line":139,"column":null}},"28":{"start":{"line":139,"column":31},"end":{"line":139,"column":null}},"29":{"start":{"line":141,"column":2},"end":{"line":141,"column":null}},"30":{"start":{"line":142,"column":2},"end":{"line":144,"column":null}},"31":{"start":{"line":143,"column":4},"end":{"line":143,"column":null}},"32":{"start":{"line":143,"column":47},"end":{"line":143,"column":null}},"33":{"start":{"line":148,"column":2},"end":{"line":148,"column":null}},"34":{"start":{"line":153,"column":2},"end":{"line":158,"column":null}},"35":{"start":{"line":162,"column":2},"end":{"line":171,"column":null}},"36":{"start":{"line":163,"column":4},"end":{"line":163,"column":null}},"37":{"start":{"line":163,"column":55},"end":{"line":163,"column":null}},"38":{"start":{"line":164,"column":4},"end":{"line":170,"column":null}},"39":{"start":{"line":165,"column":6},"end":{"line":169,"column":null}},"40":{"start":{"line":166,"column":8},"end":{"line":166,"column":null}},"41":{"start":{"line":176,"column":15},"end":{"line":176,"column":null}},"42":{"start":{"line":177,"column":14},"end":{"line":177,"column":null}},"43":{"start":{"line":178,"column":15},"end":{"line":178,"column":null}},"44":{"start":{"line":179,"column":2},"end":{"line":179,"column":null}},"45":{"start":{"line":180,"column":2},"end":{"line":180,"column":null}},"46":{"start":{"line":181,"column":2},"end":{"line":181,"column":null}},"47":{"start":{"line":186,"column":15},"end":{"line":186,"column":null}},"48":{"start":{"line":187,"column":2},"end":{"line":187,"column":null}},"49":{"start":{"line":187,"column":13},"end":{"line":187,"column":null}},"50":{"start":{"line":188,"column":15},"end":{"line":188,"column":null}},"51":{"start":{"line":189,"column":14},"end":{"line":189,"column":null}},"52":{"start":{"line":190,"column":15},"end":{"line":190,"column":null}},"53":{"start":{"line":191,"column":2},"end":{"line":191,"column":null}},"54":{"start":{"line":191,"column":13},"end":{"line":191,"column":null}},"55":{"start":{"line":192,"column":2},"end":{"line":196,"column":null}},"56":{"start":{"line":197,"column":2},"end":{"line":197,"column":null}},"57":{"start":{"line":206,"column":2},"end":{"line":209,"column":null}},"58":{"start":{"line":207,"column":4},"end":{"line":207,"column":null}},"59":{"start":{"line":208,"column":4},"end":{"line":208,"column":null}},"60":{"start":{"line":210,"column":2},"end":{"line":210,"column":null}},"61":{"start":{"line":214,"column":2},"end":{"line":214,"column":null}},"62":{"start":{"line":215,"column":2},"end":{"line":215,"column":null}},"63":{"start":{"line":220,"column":2},"end":{"line":220,"column":null}},"64":{"start":{"line":220,"column":16},"end":{"line":220,"column":null}},"65":{"start":{"line":221,"column":15},"end":{"line":221,"column":null}},"66":{"start":{"line":222,"column":2},"end":{"line":222,"column":null}},"67":{"start":{"line":223,"column":2},"end":{"line":223,"column":null}},"68":{"start":{"line":223,"column":56},"end":{"line":223,"column":null}},"69":{"start":{"line":224,"column":2},"end":{"line":224,"column":null}},"70":{"start":{"line":225,"column":2},"end":{"line":225,"column":null}},"71":{"start":{"line":226,"column":2},"end":{"line":226,"column":null}},"72":{"start":{"line":227,"column":2},"end":{"line":231,"column":null}},"73":{"start":{"line":228,"column":4},"end":{"line":228,"column":null}},"74":{"start":{"line":235,"column":2},"end":{"line":239,"column":null}},"75":{"start":{"line":236,"column":4},"end":{"line":236,"column":null}},"76":{"start":{"line":238,"column":4},"end":{"line":238,"column":null}},"77":{"start":{"line":242,"column":2},"end":{"line":246,"column":null}},"78":{"start":{"line":243,"column":4},"end":{"line":243,"column":null}},"79":{"start":{"line":245,"column":4},"end":{"line":245,"column":null}},"80":{"start":{"line":250,"column":2},"end":{"line":254,"column":null}},"81":{"start":{"line":251,"column":4},"end":{"line":251,"column":null}},"82":{"start":{"line":258,"column":2},"end":{"line":258,"column":null}},"83":{"start":{"line":258,"column":12},"end":{"line":258,"column":null}},"84":{"start":{"line":259,"column":2},"end":{"line":266,"column":null}},"85":{"start":{"line":260,"column":19},"end":{"line":260,"column":null}},"86":{"start":{"line":261,"column":4},"end":{"line":263,"column":null}},"87":{"start":{"line":262,"column":6},"end":{"line":262,"column":null}},"88":{"start":{"line":267,"column":2},"end":{"line":267,"column":null}},"89":{"start":{"line":272,"column":25},"end":{"line":272,"column":null}},"90":{"start":{"line":273,"column":2},"end":{"line":275,"column":null}},"91":{"start":{"line":274,"column":4},"end":{"line":274,"column":null}},"92":{"start":{"line":276,"column":2},"end":{"line":276,"column":null}},"93":{"start":{"line":284,"column":15},"end":{"line":284,"column":null}},"94":{"start":{"line":285,"column":19},"end":{"line":285,"column":null}},"95":{"start":{"line":286,"column":2},"end":{"line":286,"column":null}},"96":{"start":{"line":286,"column":20},"end":{"line":286,"column":null}},"97":{"start":{"line":288,"column":20},"end":{"line":288,"column":null}},"98":{"start":{"line":290,"column":13},"end":{"line":290,"column":null}},"99":{"start":{"line":291,"column":2},"end":{"line":291,"column":null}},"100":{"start":{"line":291,"column":10},"end":{"line":291,"column":null}},"101":{"start":{"line":293,"column":13},"end":{"line":293,"column":null}},"102":{"start":{"line":294,"column":2},"end":{"line":294,"column":null}},"103":{"start":{"line":294,"column":10},"end":{"line":294,"column":null}},"104":{"start":{"line":296,"column":2},"end":{"line":296,"column":null}},"105":{"start":{"line":305,"column":2},"end":{"line":305,"column":null}},"106":{"start":{"line":305,"column":15},"end":{"line":305,"column":null}},"107":{"start":{"line":306,"column":2},"end":{"line":306,"column":null}},"108":{"start":{"line":306,"column":15},"end":{"line":306,"column":null}},"109":{"start":{"line":308,"column":18},"end":{"line":308,"column":null}},"110":{"start":{"line":309,"column":2},"end":{"line":309,"column":null}},"111":{"start":{"line":309,"column":15},"end":{"line":309,"column":null}},"112":{"start":{"line":311,"column":19},"end":{"line":311,"column":null}},"113":{"start":{"line":312,"column":2},"end":{"line":315,"column":null}},"114":{"start":{"line":313,"column":4},"end":{"line":313,"column":null}},"115":{"start":{"line":314,"column":4},"end":{"line":314,"column":null}},"116":{"start":{"line":316,"column":2},"end":{"line":316,"column":null}},"117":{"start":{"line":322,"column":2},"end":{"line":326,"column":null}},"118":{"start":{"line":323,"column":4},"end":{"line":323,"column":null}},"119":{"start":{"line":324,"column":4},"end":{"line":324,"column":null}},"120":{"start":{"line":325,"column":4},"end":{"line":325,"column":null}},"121":{"start":{"line":327,"column":2},"end":{"line":331,"column":null}},"122":{"start":{"line":328,"column":4},"end":{"line":328,"column":null}},"123":{"start":{"line":329,"column":4},"end":{"line":329,"column":null}},"124":{"start":{"line":330,"column":4},"end":{"line":330,"column":null}},"125":{"start":{"line":332,"column":2},"end":{"line":332,"column":null}},"126":{"start":{"line":336,"column":14},"end":{"line":336,"column":null}},"127":{"start":{"line":337,"column":2},"end":{"line":337,"column":null}},"128":{"start":{"line":337,"column":36},"end":{"line":337,"column":null}},"129":{"start":{"line":338,"column":2},"end":{"line":340,"column":null}},"130":{"start":{"line":339,"column":4},"end":{"line":339,"column":null}},"131":{"start":{"line":341,"column":2},"end":{"line":341,"column":null}},"132":{"start":{"line":345,"column":2},"end":{"line":345,"column":null}},"133":{"start":{"line":353,"column":2},"end":{"line":353,"column":null}},"134":{"start":{"line":353,"column":15},"end":{"line":353,"column":null}},"135":{"start":{"line":354,"column":2},"end":{"line":354,"column":null}},"136":{"start":{"line":354,"column":15},"end":{"line":354,"column":null}},"137":{"start":{"line":356,"column":18},"end":{"line":356,"column":null}},"138":{"start":{"line":357,"column":2},"end":{"line":357,"column":null}},"139":{"start":{"line":357,"column":15},"end":{"line":357,"column":null}},"140":{"start":{"line":359,"column":17},"end":{"line":359,"column":null}},"141":{"start":{"line":360,"column":2},"end":{"line":368,"column":null}},"142":{"start":{"line":361,"column":43},"end":{"line":361,"column":null}},"143":{"start":{"line":362,"column":4},"end":{"line":365,"column":null}},"144":{"start":{"line":363,"column":21},"end":{"line":363,"column":null}},"145":{"start":{"line":364,"column":6},"end":{"line":364,"column":null}},"146":{"start":{"line":364,"column":38},"end":{"line":364,"column":null}},"147":{"start":{"line":366,"column":4},"end":{"line":366,"column":null}},"148":{"start":{"line":367,"column":4},"end":{"line":367,"column":null}},"149":{"start":{"line":369,"column":2},"end":{"line":369,"column":null}},"150":{"start":{"line":373,"column":2},"end":{"line":377,"column":null}},"151":{"start":{"line":374,"column":4},"end":{"line":374,"column":null}},"152":{"start":{"line":375,"column":4},"end":{"line":375,"column":null}},"153":{"start":{"line":376,"column":4},"end":{"line":376,"column":null}},"154":{"start":{"line":378,"column":2},"end":{"line":382,"column":null}},"155":{"start":{"line":379,"column":4},"end":{"line":379,"column":null}},"156":{"start":{"line":380,"column":4},"end":{"line":380,"column":null}},"157":{"start":{"line":381,"column":4},"end":{"line":381,"column":null}},"158":{"start":{"line":383,"column":2},"end":{"line":383,"column":null}},"159":{"start":{"line":391,"column":2},"end":{"line":391,"column":null}},"160":{"start":{"line":395,"column":2},"end":{"line":395,"column":null}},"161":{"start":{"line":395,"column":15},"end":{"line":395,"column":null}},"162":{"start":{"line":396,"column":2},"end":{"line":396,"column":null}},"163":{"start":{"line":396,"column":15},"end":{"line":396,"column":null}},"164":{"start":{"line":398,"column":14},"end":{"line":398,"column":null}},"165":{"start":{"line":399,"column":2},"end":{"line":399,"column":null}},"166":{"start":{"line":399,"column":12},"end":{"line":399,"column":null}},"167":{"start":{"line":400,"column":2},"end":{"line":405,"column":null}},"168":{"start":{"line":401,"column":19},"end":{"line":401,"column":null}},"169":{"start":{"line":402,"column":4},"end":{"line":402,"column":null}},"170":{"start":{"line":402,"column":31},"end":{"line":402,"column":null}},"171":{"start":{"line":406,"column":2},"end":{"line":406,"column":null}},"172":{"start":{"line":410,"column":2},"end":{"line":416,"column":null}},"173":{"start":{"line":411,"column":21},"end":{"line":411,"column":null}},"174":{"start":{"line":412,"column":4},"end":{"line":412,"column":null}},"175":{"start":{"line":413,"column":4},"end":{"line":413,"column":null}},"176":{"start":{"line":414,"column":4},"end":{"line":414,"column":null}},"177":{"start":{"line":415,"column":4},"end":{"line":415,"column":null}},"178":{"start":{"line":417,"column":2},"end":{"line":421,"column":null}},"179":{"start":{"line":418,"column":4},"end":{"line":418,"column":null}},"180":{"start":{"line":419,"column":4},"end":{"line":419,"column":null}},"181":{"start":{"line":420,"column":4},"end":{"line":420,"column":null}},"182":{"start":{"line":422,"column":2},"end":{"line":422,"column":null}},"183":{"start":{"line":426,"column":2},"end":{"line":426,"column":null}},"184":{"start":{"line":426,"column":15},"end":{"line":426,"column":null}},"185":{"start":{"line":427,"column":2},"end":{"line":427,"column":null}},"186":{"start":{"line":427,"column":15},"end":{"line":427,"column":null}},"187":{"start":{"line":429,"column":14},"end":{"line":429,"column":null}},"188":{"start":{"line":430,"column":2},"end":{"line":430,"column":null}},"189":{"start":{"line":430,"column":12},"end":{"line":430,"column":null}},"190":{"start":{"line":431,"column":2},"end":{"line":436,"column":null}},"191":{"start":{"line":432,"column":19},"end":{"line":432,"column":null}},"192":{"start":{"line":433,"column":4},"end":{"line":433,"column":null}},"193":{"start":{"line":433,"column":31},"end":{"line":433,"column":null}},"194":{"start":{"line":437,"column":2},"end":{"line":437,"column":null}},"195":{"start":{"line":441,"column":2},"end":{"line":447,"column":null}},"196":{"start":{"line":442,"column":21},"end":{"line":442,"column":null}},"197":{"start":{"line":443,"column":4},"end":{"line":443,"column":null}},"198":{"start":{"line":444,"column":4},"end":{"line":444,"column":null}},"199":{"start":{"line":445,"column":4},"end":{"line":445,"column":null}},"200":{"start":{"line":446,"column":4},"end":{"line":446,"column":null}},"201":{"start":{"line":448,"column":2},"end":{"line":452,"column":null}},"202":{"start":{"line":449,"column":4},"end":{"line":449,"column":null}},"203":{"start":{"line":450,"column":4},"end":{"line":450,"column":null}},"204":{"start":{"line":451,"column":4},"end":{"line":451,"column":null}},"205":{"start":{"line":453,"column":2},"end":{"line":453,"column":null}},"206":{"start":{"line":465,"column":2},"end":{"line":465,"column":null}},"207":{"start":{"line":465,"column":15},"end":{"line":465,"column":null}},"208":{"start":{"line":466,"column":2},"end":{"line":466,"column":null}},"209":{"start":{"line":466,"column":15},"end":{"line":466,"column":null}},"210":{"start":{"line":467,"column":2},"end":{"line":467,"column":null}},"211":{"start":{"line":472,"column":32},"end":{"line":472,"column":null}},"212":{"start":{"line":474,"column":2},"end":{"line":480,"column":null}},"213":{"start":{"line":475,"column":4},"end":{"line":475,"column":null}},"214":{"start":{"line":475,"column":41},"end":{"line":475,"column":null}},"215":{"start":{"line":476,"column":16},"end":{"line":476,"column":null}},"216":{"start":{"line":477,"column":4},"end":{"line":477,"column":null}},"217":{"start":{"line":477,"column":29},"end":{"line":477,"column":null}},"218":{"start":{"line":478,"column":18},"end":{"line":478,"column":null}},"219":{"start":{"line":479,"column":4},"end":{"line":479,"column":null}},"220":{"start":{"line":479,"column":48},"end":{"line":479,"column":null}},"221":{"start":{"line":482,"column":8},"end":{"line":492,"column":null}},"222":{"start":{"line":483,"column":19},"end":{"line":483,"column":null}},"223":{"start":{"line":484,"column":4},"end":{"line":491,"column":null}},"224":{"start":{"line":485,"column":21},"end":{"line":485,"column":null}},"225":{"start":{"line":486,"column":6},"end":{"line":486,"column":null}},"226":{"start":{"line":486,"column":65},"end":{"line":486,"column":null}},"227":{"start":{"line":487,"column":18},"end":{"line":487,"column":null}},"228":{"start":{"line":488,"column":6},"end":{"line":488,"column":null}},"229":{"start":{"line":488,"column":21},"end":{"line":488,"column":null}},"230":{"start":{"line":489,"column":23},"end":{"line":489,"column":null}},"231":{"start":{"line":490,"column":6},"end":{"line":490,"column":null}},"232":{"start":{"line":490,"column":44},"end":{"line":490,"column":null}},"233":{"start":{"line":494,"column":2},"end":{"line":508,"column":null}},"234":{"start":{"line":495,"column":4},"end":{"line":507,"column":null}},"235":{"start":{"line":496,"column":18},"end":{"line":496,"column":null}},"236":{"start":{"line":497,"column":6},"end":{"line":497,"column":null}},"237":{"start":{"line":497,"column":31},"end":{"line":497,"column":null}},"238":{"start":{"line":498,"column":19},"end":{"line":498,"column":null}},"239":{"start":{"line":499,"column":6},"end":{"line":499,"column":null}},"240":{"start":{"line":499,"column":16},"end":{"line":499,"column":null}},"241":{"start":{"line":500,"column":11},"end":{"line":507,"column":null}},"242":{"start":{"line":503,"column":18},"end":{"line":503,"column":null}},"243":{"start":{"line":504,"column":6},"end":{"line":504,"column":null}},"244":{"start":{"line":504,"column":31},"end":{"line":504,"column":null}},"245":{"start":{"line":505,"column":19},"end":{"line":505,"column":null}},"246":{"start":{"line":506,"column":6},"end":{"line":506,"column":null}},"247":{"start":{"line":506,"column":16},"end":{"line":506,"column":null}},"248":{"start":{"line":510,"column":2},"end":{"line":510,"column":null}},"249":{"start":{"line":521,"column":2},"end":{"line":521,"column":null}},"250":{"start":{"line":521,"column":15},"end":{"line":521,"column":null}},"251":{"start":{"line":522,"column":2},"end":{"line":527,"column":null}},"252":{"start":{"line":532,"column":15},"end":{"line":532,"column":null}},"253":{"start":{"line":533,"column":17},"end":{"line":533,"column":null}},"254":{"start":{"line":534,"column":2},"end":{"line":536,"column":null}},"255":{"start":{"line":535,"column":4},"end":{"line":535,"column":null}},"256":{"start":{"line":537,"column":2},"end":{"line":541,"column":null}},"257":{"start":{"line":545,"column":2},"end":{"line":545,"column":null}},"258":{"start":{"line":545,"column":12},"end":{"line":545,"column":null}},"259":{"start":{"line":546,"column":2},"end":{"line":551,"column":null}},"260":{"start":{"line":547,"column":19},"end":{"line":547,"column":null}},"261":{"start":{"line":548,"column":4},"end":{"line":548,"column":null}},"262":{"start":{"line":548,"column":31},"end":{"line":548,"column":null}},"263":{"start":{"line":552,"column":2},"end":{"line":552,"column":null}},"264":{"start":{"line":568,"column":2},"end":{"line":576,"column":null}},"265":{"start":{"line":588,"column":17},"end":{"line":588,"column":null}},"266":{"start":{"line":589,"column":2},"end":{"line":589,"column":null}},"267":{"start":{"line":589,"column":15},"end":{"line":589,"column":null}},"268":{"start":{"line":590,"column":2},"end":{"line":590,"column":null}},"269":{"start":{"line":590,"column":49},"end":{"line":590,"column":null}},"270":{"start":{"line":591,"column":2},"end":{"line":591,"column":null}},"271":{"start":{"line":591,"column":55},"end":{"line":591,"column":null}},"272":{"start":{"line":592,"column":2},"end":{"line":600,"column":null}},"273":{"start":{"line":609,"column":17},"end":{"line":609,"column":null}},"274":{"start":{"line":610,"column":13},"end":{"line":610,"column":null}},"275":{"start":{"line":611,"column":2},"end":{"line":616,"column":null}},"276":{"start":{"line":612,"column":4},"end":{"line":612,"column":null}},"277":{"start":{"line":612,"column":68},"end":{"line":612,"column":null}},"278":{"start":{"line":613,"column":4},"end":{"line":613,"column":null}},"279":{"start":{"line":614,"column":4},"end":{"line":614,"column":null}},"280":{"start":{"line":615,"column":4},"end":{"line":615,"column":null}},"281":{"start":{"line":618,"column":27},"end":{"line":618,"column":null}},"282":{"start":{"line":619,"column":21},"end":{"line":619,"column":null}},"283":{"start":{"line":619,"column":57},"end":{"line":619,"column":61}},"284":{"start":{"line":620,"column":24},"end":{"line":620,"column":null}},"285":{"start":{"line":620,"column":54},"end":{"line":620,"column":88}},"286":{"start":{"line":621,"column":2},"end":{"line":623,"column":null}},"287":{"start":{"line":622,"column":4},"end":{"line":622,"column":null}},"288":{"start":{"line":625,"column":24},"end":{"line":625,"column":null}},"289":{"start":{"line":626,"column":18},"end":{"line":626,"column":null}},"290":{"start":{"line":626,"column":51},"end":{"line":626,"column":55}},"291":{"start":{"line":627,"column":21},"end":{"line":627,"column":null}},"292":{"start":{"line":627,"column":52},"end":{"line":627,"column":83}},"293":{"start":{"line":628,"column":2},"end":{"line":630,"column":null}},"294":{"start":{"line":629,"column":4},"end":{"line":629,"column":null}},"295":{"start":{"line":632,"column":2},"end":{"line":634,"column":null}},"296":{"start":{"line":633,"column":4},"end":{"line":633,"column":null}},"297":{"start":{"line":636,"column":2},"end":{"line":641,"column":null}}},"fnMap":{"0":{"name":"isSignedIn","decl":{"start":{"line":73,"column":16},"end":{"line":73,"column":38}},"loc":{"start":{"line":73,"column":38},"end":{"line":75,"column":null}},"line":73},"1":{"name":"currentUserId","decl":{"start":{"line":77,"column":16},"end":{"line":77,"column":47}},"loc":{"start":{"line":77,"column":47},"end":{"line":79,"column":null}},"line":77},"2":{"name":"currentMasterKey","decl":{"start":{"line":81,"column":16},"end":{"line":81,"column":53}},"loc":{"start":{"line":81,"column":53},"end":{"line":83,"column":null}},"line":81},"3":{"name":"installAccount","decl":{"start":{"line":85,"column":16},"end":{"line":85,"column":null}},"loc":{"start":{"line":90,"column":8},"end":{"line":101,"column":null}},"line":90},"4":{"name":"clearAccount","decl":{"start":{"line":103,"column":16},"end":{"line":103,"column":37}},"loc":{"start":{"line":103,"column":37},"end":{"line":106,"column":null}},"line":103},"5":{"name":"hasPasscode","decl":{"start":{"line":109,"column":16},"end":{"line":109,"column":39}},"loc":{"start":{"line":109,"column":39},"end":{"line":111,"column":null}},"line":109},"6":{"name":"isUnlocked","decl":{"start":{"line":113,"column":16},"end":{"line":113,"column":38}},"loc":{"start":{"line":113,"column":38},"end":{"line":115,"column":null}},"line":113},"7":{"name":"persistNow","decl":{"start":{"line":119,"column":15},"end":{"line":119,"column":43}},"loc":{"start":{"line":119,"column":43},"end":{"line":123,"column":null}},"line":119},"8":{"name":"schedulePersist","decl":{"start":{"line":125,"column":9},"end":{"line":125,"column":33}},"loc":{"start":{"line":125,"column":33},"end":{"line":132,"column":null}},"line":125},"9":{"name":"(anonymous_9)","decl":{"start":{"line":128,"column":17},"end":{"line":128,"column":34}},"loc":{"start":{"line":128,"column":34},"end":{"line":131,"column":5}},"line":128},"10":{"name":"(anonymous_10)","decl":{"start":{"line":138,"column":8},"end":{"line":138,"column":29}},"loc":{"start":{"line":138,"column":29},"end":{"line":140,"column":null}},"line":138},"11":{"name":"(anonymous_11)","decl":{"start":{"line":142,"column":28},"end":{"line":142,"column":54}},"loc":{"start":{"line":142,"column":54},"end":{"line":144,"column":3}},"line":142},"12":{"name":"emptyVault","decl":{"start":{"line":147,"column":9},"end":{"line":147,"column":33}},"loc":{"start":{"line":147,"column":33},"end":{"line":149,"column":null}},"line":147},"13":{"name":"collectPlaintext","decl":{"start":{"line":152,"column":9},"end":{"line":152,"column":39}},"loc":{"start":{"line":152,"column":39},"end":{"line":159,"column":null}},"line":152},"14":{"name":"clearPlaintextKeys","decl":{"start":{"line":161,"column":9},"end":{"line":161,"column":36}},"loc":{"start":{"line":161,"column":36},"end":{"line":172,"column":null}},"line":161},"15":{"name":"enablePasscode","decl":{"start":{"line":175,"column":22},"end":{"line":175,"column":37}},"loc":{"start":{"line":175,"column":70},"end":{"line":182,"column":null}},"line":175},"16":{"name":"unlock","decl":{"start":{"line":185,"column":22},"end":{"line":185,"column":29}},"loc":{"start":{"line":185,"column":65},"end":{"line":198,"column":null}},"line":185},"17":{"name":"flushVault","decl":{"start":{"line":205,"column":22},"end":{"line":205,"column":50}},"loc":{"start":{"line":205,"column":50},"end":{"line":211,"column":null}},"line":205},"18":{"name":"lock","decl":{"start":{"line":213,"column":22},"end":{"line":213,"column":44}},"loc":{"start":{"line":213,"column":44},"end":{"line":216,"column":null}},"line":213},"19":{"name":"disablePasscode","decl":{"start":{"line":219,"column":16},"end":{"line":219,"column":40}},"loc":{"start":{"line":219,"column":40},"end":{"line":232,"column":null}},"line":219},"20":{"name":"safeKeys","decl":{"start":{"line":234,"column":9},"end":{"line":234,"column":30}},"loc":{"start":{"line":234,"column":30},"end":{"line":240,"column":null}},"line":234},"21":{"name":"safeRead","decl":{"start":{"line":241,"column":9},"end":{"line":241,"column":18}},"loc":{"start":{"line":241,"column":46},"end":{"line":247,"column":null}},"line":241},"22":{"name":"safeWrite","decl":{"start":{"line":249,"column":9},"end":{"line":249,"column":19}},"loc":{"start":{"line":249,"column":53},"end":{"line":255,"column":null}},"line":249},"23":{"name":"parseObject","decl":{"start":{"line":257,"column":9},"end":{"line":257,"column":24}},"loc":{"start":{"line"
[...]
null}},"line":98},"5":{"name":"(anonymous_5)","decl":{"start":{"line":99,"column":36},"end":{"line":99,"column":41}},"loc":{"start":{"line":99,"column":47},"end":{"line":99,"column":56}},"line":99},"6":{"name":"(anonymous_6)","decl":{"start":{"line":100,"column":31},"end":{"line":100,"column":36}},"loc":{"start":{"line":100,"column":42},"end":{"line":100,"column":46}},"line":100},"7":{"name":"(anonymous_7)","decl":{"start":{"line":102,"column":23},"end":{"line":102,"column":null}},"loc":{"start":{"line":103,"column":11},"end":{"line":103,"column":null}},"line":103},"8":{"name":"(anonymous_8)","decl":{"start":{"line":105,"column":27},"end":{"line":105,"column":35}},"loc":{"start":{"line":105,"column":41},"end":{"line":105,"column":59}},"line":105},"9":{"name":"(anonymous_9)","decl":{"start":{"line":105,"column":61},"end":{"line":105,"column":66}},"loc":{"start":{"line":105,"column":72},"end":{"line":105,"column":76}},"line":105},"10":{"name":"(anonymous_10)","decl":{"start":{"line":109,"column":18},"end":{"line":109,"column":25}},"loc":{"start":{"line":109,"column":32},"end":{"line":113,"column":8}},"line":109},"11":{"name":"pushNotes","decl":{"start":{"line":130,"column":22},"end":{"line":130,"column":null}},"loc":{"start":{"line":136,"column":17},"end":{"line":170,"column":null}},"line":136},"12":{"name":"(anonymous_12)","decl":{"start":{"line":137,"column":36},"end":{"line":137,"column":41}},"loc":{"start":{"line":137,"column":47},"end":{"line":137,"column":56}},"line":137},"13":{"name":"(anonymous_13)","decl":{"start":{"line":138,"column":31},"end":{"line":138,"column":36}},"loc":{"start":{"line":138,"column":42},"end":{"line":138,"column":46}},"line":138},"14":{"name":"(anonymous_14)","decl":{"start":{"line":140,"column":23},"end":{"line":140,"column":null}},"loc":{"start":{"line":141,"column":11},"end":{"line":141,"column":null}},"line":141},"15":{"name":"(anonymous_15)","decl":{"start":{"line":143,"column":27},"end":{"line":143,"column":35}},"loc":{"start":{"line":143,"column":41},"end":{"line":143,"column":59}},"line":143},"16":{"name":"(anonymous_16)","decl":{"start":{"line":143,"column":61},"end":{"line":143,"column":66}},"loc":{"start":{"line":143,"column":72},"end":{"line":143,"column":76}},"line":143},"17":{"name":"(anonymous_17)","decl":{"start":{"line":147,"column":18},"end":{"line":147,"column":25}},"loc":{"start":{"line":147,"column":32},"end":{"line":155,"column":8}},"line":147},"18":{"name":"pushSettings","decl":{"start":{"line":172,"column":22},"end":{"line":172,"column":null}},"loc":{"start":{"line":177,"column":17},"end":{"line":183,"column":null}},"line":177},"19":{"name":"pushEverything","decl":{"start":{"line":186,"column":22},"end":{"line":186,"column":null}},"loc":{"start":{"line":191,"column":62},"end":{"line":208,"column":null}},"line":191},"20":{"name":"(anonymous_20)","decl":{"start":{"line":192,"column":41},"end":{"line":192,"column":null}},"loc":{"start":{"line":193,"column":19},"end":{"line":193,"column":null}},"line":193},"21":{"name":"mergeSchedules","decl":{"start":{"line":211,"column":16},"end":{"line":211,"column":null}},"loc":{"start":{"line":214,"column":19},"end":{"line":216,"column":null}},"line":214}},"branchMap":{"0":{"loc":{"start":{"line":37,"column":20},"end":{"line":37,"column":37}},"type":"binary-expr","locations":[{"start":{"line":37,"column":20},"end":{"line":37,"column":33}},{"start":{"line":37,"column":33},"end":{"line":37,"column":37}}],"line":37},"1":{"loc":{"start":{"line":39,"column":4},"end":{"line":40,"column":null}},"type":"if","locations":[{"start":{"line":39,"column":4},"end":{"line":40,"column":null}},{"start":{"line":40,"column":9},"end":{"line":40,"column":null}}],"line":39},"2":{"loc":{"start":{"line":43,"column":20},"end":{"line":43,"column":41}},"type":"binary-expr","locations":[{"start":{"line":43,"column":20},"end":{"line":43,"column":37}},{"start":{"line":43,"column":37},"end":{"line":43,"column":41}}],"line":43},"3":{"loc":{"start":{"line":45,"column":4},"end":{"line":46,"column":null}},"type":"if","locations":[{"start":{"line":45,"column":4},"end":{"line":46,"column":null}},{"start":{"line":46,"column":9},"end":{"line":46,"column":null}}],"line":45},"4":{"loc":{"start":{"line":49,"column":20},"end":{"line":49,"column":38}},"type":"binary-expr","locations":[{"start":{"line":49,"column":20},"end":{"line":49,"column":34}},{"start":{"line":49,"column":34},"end":{"line":49,"column":38}}],"line":49},"5":{"loc":{"start":{"line":51,"column":4},"end":{"line":52,"column":null}},"type":"if","locations":[{"start":{"line":51,"column":4},"end":{"line":52,"column":null}},{"start":{"line":52,"column":9},"end":{"line":52,"column":null}}],"line":51},"6":{"loc":{"start":{"line":55,"column":2},"end":{"line":59,"column":null}},"type":"if","locations":[{"start":{"line":55,"column":2},"end":{"line":59,"column":null}},{"start":{},"end":{}}],"line":55},"7":{"loc":{"start":{"line":57,"column":4},"end":{"line":58,"column":null}},"type":"if","locations":[{"start":{"line":57,"column":4},"end":{"line":58,"column":null}},{"start":{"line":58,"column":9},"end":{"line":58,"column":null}}],"line":57},"8":{"loc":{"start":{"line":61,"column":32},"end":{"line":61,"column":49}},"type":"binary-expr","locations":[{"start":{"line":61,"column":32},"end":{"line":61,"column":47}},{"start":{"line":61,"column":47},"end":{"line":61,"column":49}}],"line":61},"9":{"loc":{"start":{"line":61,"column":65},"end":{"line":61,"column":82}},"type":"binary-expr","locations":[{"start":{"line":61,"column":65},"end":{"line":61,"column":80}},{"start":{"line":61,"column":80},"end":{"line":61,"column":82}}],"line":61},"10":{"loc":{"start":{"line":62,"column":33},"end":{"line":62,"column":50}},"type":"binary-expr","locations":[{"start":{"line":62,"column":33},"end":{"line":62,"column":48}},{"start":{"line":62,"column":48},"end":{"line":62,"column":50}}],"line":62},"11":{"loc":{"start":{"line":62,"column":66},"end":{"line":62,"column":83}},"type":"binary-expr","locations":[{"start":{"line":62,"column":66},"end":{"line":62,"column":81}},{"start":{"line":62,"column":81},"end":{"line":62,"column":83}}],"line":62},"12":{"loc":{"start":{"line":76,"column":2},"end":{"line":84,"column":null}},"type":"if","locations":[{"start":{"line":76,"column":2},"end":{"line":84,"column":null}},{"start":{},"end":{}}],"line":76},"13":{"loc":{"start":{"line":82,"column":4},"end":{"line":82,"column":null}},"type":"if","locations":[{"start":{"line":82,"column":4},"end":{"line":82,"column":null}},{"start":{},"end":{}}],"line":82},"14":{"loc":{"start":{"line":89,"column":2},"end":{"line":89,"column":null}},"type":"if","locations":[{"start":{"line":89,"column":2},"end":{"line":89,"column":null}},{"start":{},"end":{}}],"line":89},"15":{"loc":{"start":{"line":107,"column":2},"end":{"line":119,"column":null}},"type":"if","locations":[{"start":{"line":107,"column":2},"end":{"line":119,"column":null}},{"start":{},"end":{}}],"line":107},"16":{"loc":{"start":{"line":118,"column":4},"end":{"line":118,"column":null}},"type":"if","locations":[{"start":{"line":118,"column":4},"end":{"line":118,"column":null}},{"start":{},"end":{}}],"line":118},"17":{"loc":{"start":{"line":120,"column":2},"end":{"line":127,"column":null}},"type":"if","locations":[{"start":{"line":120,"column":2},"end":{"line":127,"column":null}},{"start":{},"end":{}}],"line":120},"18":{"loc":{"start":{"line":126,"column":4},"end":{"line":126,"column":null}},"type":"if","locations":[{"start":{"line":126,"column":4},"end":{"line":126,"column":null}},{"start":{},"end":{}}],"line":126},"19":{"loc":{"start":{"line":145,"column":2},"end":{"line":161,"column":null}},"type":"if","locations":[{"start":{"line":145,"column":2},"end":{"line":161,"column":null}},{"start":{},"end":{}}],"line":145},"20":{"loc":{"start":{"line":160,"column":4},"end":{"line":160,"column":null}},"type":"if","locations":[{"start":{"line":160,"column":4},"end":{"line":160,"column":null}},{"start":{},"end":{}}],"line":160},"21":{"loc":{"start":{"line":162,"column":2},"end":{"line":169,"column":null}},"type":"if","locations":[{"start":{"line":162,"column":2},"end":{"line":169,"column":null}},{"start":{},"end":{}}],"line":162},"22":{"loc":{"start":{"line":168,"column":4},"end":{"line":168,"column":null}},"type":"if","locations":[{"start":{"line":168,"column":4},"end":{"line":168,"column":null}},{"start":{},"end":{}}],"line":168},"23":{"loc":{"start":{"line":182,"column":2},"end":{"line":182,"column":null}},"type":"if","locations":[{"start":{"line":182,"column":2},"end":{"line":182,"column":null}},{"start":{},"end":{}}],"line":182}},"s":{"0":2,"1":2,"2":2,"3":2,"4":3,"5":3,"6":2,"7":1,"8":2,"9":1,"10":1,"11":1,"12":0,"13":2,"14":0,"15":0,"16":0,"17":0,"18":2,"19":0,"20":0,"21":0,"22":0,"23":2,"24":0,"25":2,"26":0,"27":2,"28":3,"29":1,"30":1,"31":0,"32":1,"33":2,"34":2,"35":1,"36":5,"37":5,"38":5,"39":6,"40":5,"41":6,"42":5,"43":5,"44":1,"45":5,"46":3,"47":3,"48":3,"49":3,"50":1,"51":4,"52":1,"53":1,"54":0,"55":2,"56":1,"57":2,"58":1,"59":2,"60":1,"61":2,"62":1,"63":1,"64":2,"65":1,"66":1,"67":1,"68":1,"69":0,"70":2,"71":1,"72":1,"73":0,"74":0,"75":0,"76":0,"77":0,"78":0,"79":0,"80":0,"81":0,"82":0,"83":0,"84":0,"85":0},"f":{"0":2,"1":0,"2":0,"3":3,"4":5,"5":5,"6":6,"7":6,"8":5,"9":1,"10":3,"11":2,"12":1,"13":1,"14":1,"15":1,"16":1,"17":1,"18":0,"19":0,"20":0,"21":0},"b":{"0":[2,0],"1":[2,1],"2":[2,0],"3":[1,0],"4":[2,0],"5":[0,0],"6":[0,2],"7":[0,0],"8":[0,0],"9":[0,0],"10":[0,0],"11":[0,0],"12":[1,2],"13":[0,1],"14":[1,1],"15":[3,2],"16":[1,2],"17":[1,3],"18":[0,1],"19":[1,1],"20":[0,1],"21":[1,1],"22":[0,1],"23":[0,0]},"meta":{"lastBranch":24,"lastFunction":22,"lastStatement":86,"seen":{"f:22:22:22:Infinity":0,"s:27:26:27:Infinity":0,"s:28:16:28:Infinity":1,"s:30:44:35:Infinity":2,"s:37:2:41:Infinity":3,"b:37:20:37:33:37:33:37:37":0,"s:38:18:38:Infinity":4,"b:39:4:40:Infinity:40:9:40:Infinity":1,"s:39:4:40:Infinity":5,"s:39:15:39:Infinity":6,"s:40:9:40:Infinity":7,"s:43:2:47:Infinity":8,"b:43:20:43:37:43:37:43:41":2,"s:44:20:44:Infinity":9,"b:45:4:46:Infinity:46:9:46:Infinity":3,"s:45:4:46:Infinity":10,"s:45:17:45:Infinity":11,"s:46:9:46:Infinity":12,"s:49:2:53:Infinity":13,"b:49:20:49:34:49:34:49:38":4,"s:50:17:50:Infinity":14,"b:51:4:52:Infinity:52:9:52:Infinity":5,"s:51:4:52:Infinity":15,"s:51:14:51:Infinity":16,"s:52:9:52:Infinity":17,"b:55:2:59:Infinity:undefined:undefined:undefined:undefined":6,"s:55:2:59:Infinity":18,"s:56:18:56:Infinity":19,"b:57:4:58:Infinity:58:9:58:Infinity":7,"s:57:4:58:Infinity":20,"s:57:15:57:Infinity":21,"s:58:9:58:Infinity":22,"s:61:2:61:Infinity":23,"f:61:16:61:22":1,"s:61:25:61:83":24,"b:61:32:61:47:61:47:61:49":8,"b:61:65:61:80:61:80:61:82":9,"s:62:2:62:Infinity":25,"f:62:17:62:23":2,"s:62:26:62:84":26,"b:62:33:62:48:62:48:62:50":10,"b:62:66:62:81:62:81:62:83":11,"s:64:2:64:Infinity":27,"f:67:22:67:Infinity":3,"b:76:2:84:Infinity:undefined:undefined:undefined:undefined":12,"s:76:2:84:Infinity":28,"s:77:22:81:Infinity":29,"b:82:4:82:Infinity:undefined:undefined:undefined:undefined":13,"s:82:4:82:Infinity":30,"s:82:15:82:Infinity":31,"s:83:4:83:Infinity":32,"s:85:20:88:Infinity":33,"b:89:2:89:Infinity:undefined:undefined:undefined:undefined":14,"s:89:2:89:Infinity":34,"s:89:13:89:Infinity":35,"f:92:22:92:Infinity":4,"s:99:19:99:Infinity":36,"f:99:36:99:41":5,"s:99:47:99:56":37,"s:100:18:100:Infinity":38,"f:100:31:100:36":6,"s:100:42:100:46":39,"s:102:18:104:Infinity":40,"f:102:23:102:Infinity":7,"s:103:11:103:Infinity":41,"s:105:18:105:Infinity":42,"f:105:27:105:35":8,"s:105:41:105:59":43,"f:105:61:105:66":9,"s:105:72:105:76":44,"b:107:2:119:Infinity:undefined:undefined:undefined:undefined":15,"s:107:2:119:Infinity":45,"s:108:17:114:Infinity":46,"f:109:18:109:25":10,"s:109:32:113:8":47,"s:115:22:117:Infinity":48,"b:118:4:118:Infinity:undefined:undefined:undefined:undefined":16,"s:118:4:118:Infinity":49,"s:118:15:118:Infinity":50,"b:120:2:127:Infinity:undefined:undefined:undefined:undefined":17,"s:120:2:127:Infinity":51,"s:121:22:125:Infinity":52,"b:126:4:126:Infinity:undefined:undefined:undefined:undefined":18,"s:126:4:126:Infinity":53,"s:126:15:126:Infinity":54,"f:130:22:130:Infinity":11,"s:137:19:137:Infinity":55,"f:137:36:137:41":12,"s:137:47:137:56":56,"s:138:18:138:Infinity":57,"f:138:31:138:36":13,"s:138:42:138:46":58,"s:140:18:142:Infinity":59,"f:140:23:140:Infinity":14,"s:141:11:141:Infinity":60,"s:143:18:143:Infinity":61,"f:143:27:143:35":15,"s:143:41:143:59":62,"f:143:61:143:66":16,"s:143:72:143:76":63,"b:145:2:161:Infinity:undefined:undefined:undefined:undefined":19,"s:145:2:161:Infinity":64,"s:146:17:156:Infinity":65,"f:147:18:147:25":17,"s:147:32:155:8":66,"s:157:22:159:Infinity":67,"b:160:4:160:Infinity:undefined:undefined:undefined:undefined":20,"s:160:4:160:Infinity":68,"s:160:15:160:Infinity":69,"b:162:2:169:Infinity:undefined:undefined:undefined:undefined":21,"s:162:2:169:Infinity":70,"s:163:22:167:Infinity":71,"b:168:4:168:Infinity:undefined:undefined:undefined:undefined":22,"s:168:4:168:Infinity":72,"s:168:15:168:Infinity":73,"f:172:22:172:Infinity":18,"s:178:20:181:Infinity":74,"b:182:2:182:Infinity:undefined:undefined:undefined:undefined":23,"s:182:2:182:Infinity":75,"s:182:13:182:Infinity":76,"f:186:22:186:Infinity":19,"s:192:15:194:Infinity":77,"f:192:41:192:Infinity":20,"s:193:19:193:Infinity":78,"s:196:2:198:Infinity":79,"s:197:4:197:Infinity":80,"s:199:2:199:Infinity":81,"s:200:2:200:Infinity":82,"s:201:2:201:Infinity":83,"s:203:2:207:Infinity":84,"f:211:16:211:Infinity":21,"s:215:2:215:Infinity":85},"fnNames":{}}}
,"/Users/anthonyrocha/Desktop/psych-schedule/src/lib/vault.ts": {"path":"/Users/anthonyrocha/Desktop/psych-schedule/src/lib/vault.ts","statementMap":{"0":{"start":{"line":15,"column":25},"end":{"line":15,"column":null}},"1":{"start":{"line":19,"column":19},"end":{"line":19,"column":null}},"2":{"start":{"line":36,"column":15},"end":{"line":36,"column":null}},"3":{"start":{"line":37,"column":2},"end":{"line":37,"column":null}},"4":{"start":{"line":37,"column":25},"end":{"line":37,"column":null}},"5":{"start":{"line":38,"column":2},"end":{"line":38,"column":null}},"6":{"start":{"line":42,"column":17},"end":{"line":42,"column":null}},"7":{"start":{"line":43,"column":14},"end":{"line":43,"column":null}},"8":{"start":{"line":44,"column":2},"end":{"line":44,"column":null}},"9":{"start":{"line":44,"column":15},"end":{"line":44,"column":18}},"10":{"start":{"line":44,"column":42},"end":{"line":44,"column":null}},"11":{"start":{"line":45,"column":2},"end":{"line":45,"column":null}},"12":{"start":{"line":49,"column":12},"end":{"line":49,"column":null}},"13":{"start":{"line":50,"column":2},"end":{"line":50,"column":null}},"14":{"start":{"line":51,"column":2},"end":{"line":51,"column":null}},"15":{"start":{"line":55,"column":19},"end":{"line":61,"column":null}},"16":{"start":{"line":62,"column":2},"end":{"line":68,"column":null}},"17":{"start":{"line":76,"column":13},"end":{"line":76,"column":null}},"18":{"start":{"line":77,"column":20},"end":{"line":77,"column":null}},"19":{"start":{"line":78,"column":17},"end":{"line":82,"column":null}},"20":{"start":{"line":83,"column":2},"end":{"line":88,"column":null}},"21":{"start":{"line":96,"column":2},"end":{"line":105,"column":null}},"22":{"start":{"line":97,"column":18},"end":{"line":101,"column":null}},"23":{"start":{"line":102,"column":4},"end":{"line":102,"column":null}},"24":{"start":{"line":104,"column":4},"end":{"line":104,"column":null}},"25":{"start":{"line":109,"column":2},"end":{"line":109,"column":null}},"26":{"start":{"line":109,"column":12},"end":{"line":109,"column":null}},"27":{"start":{"line":110,"column":2},"end":{"line":123,"column":null}},"28":{"start":{"line":111,"column":19},"end":{"line":111,"column":null}},"29":{"start":{"line":112,"column":4},"end":{"line":120,"column":null}},"30":{"start":{"line":119,"column":6},"end":{"line":119,"column":null}},"31":{"start":{"line":124,"column":2},"end":{"line":124,"column":null}},"32":{"start":{"line":128,"column":2},"end":{"line":128,"column":null}}},"fnMap":{"0":{"name":"toBase64","decl":{"start":{"line":35,"column":9},"end":{"line":35,"column":18}},"loc":{"start":{"line":35,"column":45},"end":{"line":39,"column":null}},"line":35},"1":{"name":"fromBase64","decl":{"start":{"line":41,"column":9},"end":{"line":41,"column":20}},"loc":{"start":{"line":41,"column":47},"end":{"line":46,"column":null}},"line":41},"2":{"name":"randomBytes","decl":{"start":{"line":48,"column":16},"end":{"line":48,"column":28}},"loc":{"start":{"line":48,"column":56},"end":{"line":52,"column":null}},"line":48},"3":{"name":"deriveKey","decl":{"start":{"line":54,"column":22},"end":{"line":54,"column":32}},"loc":{"start":{"line":54,"column":88},"end":{"line":69,"column":null}},"line":54},"4":{"name":"encryptVault","decl":{"start":{"line":71,"column":22},"end":{"line":71,"column":null}},"loc":{"start":{"line":75,"column":22},"end":{"line":89,"column":null}},"line":75},"5":{"name":"decryptVault","decl":{"start":{"line":92,"column":22},"end":{"line":92,"column":null}},"loc":{"start":{"line":95,"column":29},"end":{"line":106,"column":null}},"line":95},"6":{"name":"parseVaultBlob","decl":{"start":{"line":108,"column":16},"end":{"line":108,"column":31}},"loc":{"start":{"line":108,"column":69},"end":{"line":125,"column":null}},"line":108},"7":{"name":"saltOf","decl":{"start":{"line":127,"column":16},"end":{"line":127,"column":23}},"loc":{"start":{"line":127,"column":52},"end":{"line":129,"column":null}},"line":127}},"branchMap":{"0":{"loc":{"start":{"line":109,"column":2},"end":{"line":109,"column":null}},"type":"if","locations":[{"start":{"line":109,"column":2},"end":{"line":109,"column":null}},{"start":{},"end":{}}],"line":109},"1":{"loc":{"start":{"line":112,"column":4},"end":{"line":120,"column":null}},"type":"if","locations":[{"start":{"line":112,"column":4},"end":{"line":120,"column":null}},{"start":{},"end":{}}],"line":112},"2":{"loc":{"start":{"line":113,"column":6},"end":{"line":117,"column":null}},"type":"binary-expr","locations":[{"start":{"line":113,"column":6},"end":{"line":113,"column":null}},{"start":{"line":114,"column":6},"end":{"line":114,"column":null}},{"start":{"line":115,"column":6},"end":{"line":115,"column":null}},{"start":{"line":116,"column":6},"end":{"line":116,"column":null}},{"start":{"line":117,"column":6},"end":{"line":117,"column":null}}],"line":113}},"s":{"0":6,"1":6,"2":57,"3":57,"4":2980,"5":57,"6":19,"7":19,"8":19,"9":19,"10":1164,"11":19,"12":30,"13":30,"14":30,"15":17,"16":17,"17":19,"18":19,"19":19,"20":19,"21":7,"22":7,"23":5,"24":2,"25":11,"26":3,"27":8,"28":8,"29":8,"30":5,"31":3,"32":5},"f":{"0":57,"1":19,"2":30,"3":17,"4":19,"5":7,"6":11,"7":5},"b":{"0":[3,8],"1":[5,3],"2":[8,7,6,6,5]},"meta":{"lastBranch":3,"lastFunction":8,"lastStatement":33,"seen":{"s:15:25:15:Infinity":0,"s:19:19:19:Infinity":1,"f:35:9:35:18":0,"s:36:15:36:Infinity":2,"s:37:2:37:Infinity":3,"s:37:25:37:Infinity":4,"s:38:2:38:Infinity":5,"f:41:9:41:20":1,"s:42:17:42:Infinity":6,"s:43:14:43:Infinity":7,"s:44:2:44:Infinity":8,"s:44:15:44:18":9,"s:44:42:44:Infinity":10,"s:45:2:45:Infinity":11,"f:48:16:48:28":2,"s:49:12:49:Infinity":12,"s:50:2:50:Infinity":13,"s:51:2:51:Infinity":14,"f:54:22:54:32":3,"s:55:19:61:Infinity":15,"s:62:2:68:Infinity":16,"f:71:22:71:Infinity":4,"s:76:13:76:Infinity":17,"s:77:20:77:Infinity":18,"s:78:17:82:Infinity":19,"s:83:2:88:Infinity":20,"f:92:22:92:Infinity":5,"s:96:2:105:Infinity":21,"s:97:18:101:Infinity":22,"s:102:4:102:Infinity":23,"s:104:4:104:Infinity":24,"f:108:16:108:31":6,"b:109:2:109:Infinity:undefined:undefined:undefined:undefined":0,"s:109:2:109:Infinity":25,"s:109:12:109:Infinity":26,"s:110:2:123:Infinity":27,"s:111:19:111:Infinity":28,"b:112:4:120:Infinity:undefined:undefined:undefined:undefined":1,"s:112:4:120:Infinity":29,"b:113:6:113:Infinity:114:6:114:Infinity:115:6:115:Infinity:116:6:116:Infinity:117:6:117:Infinity":2,"s:119:6:119:Infinity":30,"s:124:2:124:Infinity":31,"f:127:16:127:23":7,"s:128:2:128:Infinity":32},"fnNames":{}}}
}
